# JRE version: Java(TM) SE Runtime Environment (7.0_51-b13) (build 1.7.0_51-b13)
# Java VM: Java HotSpot(TM) 64-Bit Server VM (24.51-b03 mixed mode windows-amd64 compressed oops)
Heap
 PSYoungGen      total 120832K, used 115712K [0x00000007d5c00000, 0x00000007dd880000, 0x0000000800000000)
  eden space 115712K, 100% used [0x00000007d5c00000,0x00000007dcd00000,0x00000007dcd00000)
  from space 5120K, 0% used [0x00000007dd200000,0x00000007dd200000,0x00000007dd700000)
  to   space 5120K, 71% used [0x00000007dcd00000,0x00000007dd098000,0x00000007dd200000)
 ParOldGen       total 282112K, used 181014K [0x0000000781400000, 0x0000000792780000, 0x00000007d5c00000)
  object space 282112K, 64% used [0x0000000781400000,0x000000078c4c5928,0x0000000792780000)
 PSPermGen       total 21504K, used 8817K [0x000000077c200000, 0x000000077d700000, 0x0000000781400000)
  object space 21504K, 41% used [0x000000077c200000,0x000000077ca9c5f8,0x000000077d700000)
GC Heap History (10 events):
Event: 0.184 GC heap after
Heap after GC invocations=3 (full 1):
 PSYoungGen      total 71680K, used 0K [0x00000007d5c00000, 0x00000007da700000, 0x0000000800000000)
  eden space 66560K, 0% used [0x00000007d5c00000,0x00000007d5c00000,0x00000007d9d00000)
  from space 5120K, 0% used [0x00000007da200000,0x00000007da200000,0x00000007da700000)
  to   space 5120K, 0% used [0x00000007d9d00000,0x00000007d9d00000,0x00000007da200000)
 ParOldGen       total 138240K, used 64326K [0x0000000781400000, 0x0000000789b00000, 0x00000007d5c00000)
  object space 138240K, 46% used [0x0000000781400000,0x00000007852d1ae0,0x0000000789b00000)
 PSPermGen       total 21504K, used 3630K [0x000000077c200000, 0x000000077d700000, 0x0000000781400000)
  object space 21504K, 16% used [0x000000077c200000,0x000000077c58bae8,0x000000077d700000)
}
Event: 0.398 GC heap before
{Heap before GC invocations=4 (full 1):
 PSYoungGen      total 71680K, used 52315K [0x00000007d5c00000, 0x00000007da700000, 0x0000000800000000)
  eden space 66560K, 78% used [0x00000007d5c00000,0x00000007d8f16c58,0x00000007d9d00000)
  from space 5120K, 0% used [0x00000007da200000,0x00000007da200000,0x00000007da700000)
  to   space 5120K, 0% used [0x00000007d9d00000,0x00000007d9d00000,0x00000007da200000)
 ParOldGen       total 138240K, used 64326K [0x0000000781400000, 0x0000000789b00000, 0x00000007d5c00000)
  object space 138240K, 46% used [0x0000000781400000,0x00000007852d1ae0,0x0000000789b00000)
 PSPermGen       total 21504K, used 3634K [0x000000077c200000, 0x000000077d700000, 0x0000000781400000)
  object space 21504K, 16% used [0x000000077c200000,0x000000077c58c8b8,0x000000077d700000)
Event: 0.413 GC heap after
Heap after GC invocations=4 (full 1):
 PSYoungGen      total 71680K, used 5120K [0x00000007d5c00000, 0x00000007dd700000, 0x0000000800000000)
  eden space 66560K, 0% used [0x00000007d5c00000,0x00000007d5c00000,0x00000007d9d00000)
  from space 5120K, 100% used [0x00000007d9d00000,0x00000007da200000,0x00000007da200000)
  to   space 5120K, 0% used [0x00000007dd200000,0x00000007dd200000,0x00000007dd700000)
 ParOldGen       total 138240K, used 111584K [0x0000000781400000, 0x0000000789b00000, 0x00000007d5c00000)
  object space 138240K, 80% used [0x0000000781400000,0x00000007880f8380,0x0000000789b00000)
 PSPermGen       total 21504K, used 3634K [0x000000077c200000, 0x000000077d700000, 0x0000000781400000)
  object space 21504K, 16% used [0x000000077c200000,0x000000077c58c8b8,0x000000077d700000)
}
Event: 0.413 GC heap before
{Heap before GC invocations=5 (full 2):
 PSYoungGen      total 71680K, used 5120K [0x00000007d5c00000, 0x00000007dd700000, 0x0000000800000000)
  eden space 66560K, 0% used [0x00000007d5c00000,0x00000007d5c00000,0x00000007d9d00000)
  from space 5120K, 100% used [0x00000007d9d00000,0x00000007da200000,0x00000007da200000)
  to   space 5120K, 0% used [0x00000007dd200000,0x00000007dd200000,0x00000007dd700000)
 ParOldGen       total 138240K, used 111584K [0x0000000781400000, 0x0000000789b00000, 0x00000007d5c00000)
  object space 138240K, 80% used [0x0000000781400000,0x00000007880f8380,0x0000000789b00000)
 PSPermGen       total 21504K, used 3634K [0x000000077c200000, 0x000000077d700000, 0x0000000781400000)
  object space 21504K, 16% used [0x000000077c200000,0x000000077c58c8b8,0x000000077d700000)
Event: 0.439 GC heap after
Heap after GC invocations=5 (full 2):
 PSYoungGen      total 71680K, used 0K [0x00000007d5c00000, 0x00000007dd700000, 0x0000000800000000)
  eden space 66560K, 0% used [0x00000007d5c00000,0x00000007d5c00000,0x00000007d9d00000)
  from space 5120K, 0% used [0x00000007d9d00000,0x00000007d9d00000,0x00000007da200000)
  to   space 5120K, 0% used [0x00000007dd200000,0x00000007dd200000,0x00000007dd700000)
 ParOldGen       total 216064K, used 115414K [0x0000000781400000, 0x000000078e700000, 0x00000007d5c00000)
  object space 216064K, 53% used [0x0000000781400000,0x00000007884b58e8,0x000000078e700000)
 PSPermGen       total 21504K, used 3634K [0x000000077c200000, 0x000000077d700000, 0x0000000781400000)
  object space 21504K, 16% used [0x000000077c200000,0x000000077c58c898,0x000000077d700000)
}
Event: 0.442 GC heap before
{Heap before GC invocations=6 (full 2):
 PSYoungGen      total 71680K, used 50377K [0x00000007d5c00000, 0x00000007dd700000, 0x0000000800000000)
  eden space 66560K, 75% used [0x00000007d5c00000,0x00000007d8d32478,0x00000007d9d00000)
  from space 5120K, 0% used [0x00000007d9d00000,0x00000007d9d00000,0x00000007da200000)
  to   space 5120K, 0% used [0x00000007dd200000,0x00000007dd200000,0x00000007dd700000)
 ParOldGen       total 216064K, used 115414K [0x0000000781400000, 0x000000078e700000, 0x00000007d5c00000)
  object space 216064K, 53% used [0x0000000781400000,0x00000007884b58e8,0x000000078e700000)
 PSPermGen       total 21504K, used 3634K [0x000000077c200000, 0x000000077d700000, 0x0000000781400000)
  object space 21504K, 16% used [0x000000077c200000,0x000000077c58c898,0x000000077d700000)
Event: 0.460 GC heap after
Heap after GC invocations=6 (full 2):
 PSYoungGen      total 120832K, used 0K [0x00000007d5c00000, 0x00000007dd880000, 0x0000000800000000)
  eden space 115712K, 0% used [0x00000007d5c00000,0x00000007d5c00000,0x00000007dcd00000)
  from space 5120K, 0% used [0x00000007dd200000,0x00000007dd200000,0x00000007dd700000)
  to   space 5120K, 0% used [0x00000007dcd00000,0x00000007dcd00000,0x00000007dd200000)
 ParOldGen       total 216064K, used 164614K [0x0000000781400000, 0x000000078e700000, 0x00000007d5c00000)
  object space 216064K, 76% used [0x0000000781400000,0x000000078b4c1918,0x000000078e700000)
 PSPermGen       total 21504K, used 3634K [0x000000077c200000, 0x000000077d700000, 0x0000000781400000)
  object space 21504K, 16% used [0x000000077c200000,0x000000077c58c898,0x000000077d700000)
}
Event: 0.460 GC heap before
{Heap before GC invocations=7 (full 3):
 PSYoungGen      total 120832K, used 0K [0x00000007d5c00000, 0x00000007dd880000, 0x0000000800000000)
  eden space 115712K, 0% used [0x00000007d5c00000,0x00000007d5c00000,0x00000007dcd00000)
  from space 5120K, 0% used [0x00000007dd200000,0x00000007dd200000,0x00000007dd700000)
  to   space 5120K, 0% used [0x00000007dcd00000,0x00000007dcd00000,0x00000007dd200000)
 ParOldGen       total 216064K, used 164614K [0x0000000781400000, 0x000000078e700000, 0x00000007d5c00000)
  object space 216064K, 76% used [0x0000000781400000,0x000000078b4c1918,0x000000078e700000)
 PSPermGen       total 21504K, used 3634K [0x000000077c200000, 0x000000077d700000, 0x0000000781400000)
  object space 21504K, 16% used [0x000000077c200000,0x000000077c58c898,0x000000077d700000)
Event: 0.465 GC heap after
Heap after GC invocations=7 (full 3):
 PSYoungGen      total 120832K, used 0K [0x00000007d5c00000, 0x00000007dd880000, 0x0000000800000000)
  eden space 115712K, 0% used [0x00000007d5c00000,0x00000007d5c00000,0x00000007dcd00000)
  from space 5120K, 0% used [0x00000007dd200000,0x00000007dd200000,0x00000007dd700000)
  to   space 5120K, 0% used [0x00000007dcd00000,0x00000007dcd00000,0x00000007dd200000)
 ParOldGen       total 282112K, used 164614K [0x0000000781400000, 0x0000000792780000, 0x00000007d5c00000)
  object space 282112K, 58% used [0x0000000781400000,0x000000078b4c1918,0x0000000792780000)
 PSPermGen       total 21504K, used 3634K [0x000000077c200000, 0x000000077d700000, 0x0000000781400000)
  object space 21504K, 16% used [0x000000077c200000,0x000000077c58c898,0x000000077d700000)
}
Event: 0.778 GC heap before
{Heap before GC invocations=8 (full 3):
 PSYoungGen      total 120832K, used 115712K [0x00000007d5c00000, 0x00000007dd880000, 0x0000000800000000)
  eden space 115712K, 100% used [0x00000007d5c00000,0x00000007dcd00000,0x00000007dcd00000)
  from space 5120K, 0% used [0x00000007dd200000,0x00000007dd200000,0x00000007dd700000)
  to   space 5120K, 0% used [0x00000007dcd00000,0x00000007dcd00000,0x00000007dd200000)
 ParOldGen       total 282112K, used 164614K [0x0000000781400000, 0x0000000792780000, 0x00000007d5c00000)
  object space 282112K, 58% used [0x0000000781400000,0x000000078b4c1918,0x0000000792780000)
 PSPermGen       total 21504K, used 8817K [0x000000077c200000, 0x000000077d700000, 0x0000000781400000)
  object space 21504K, 41% used [0x000000077c200000,0x000000077ca9c5f8,0x000000077d700000)

