# JRE version: Java(TM) SE Runtime Environment (7.0_51-b13) (build 1.7.0_51-b13)
# Java VM: Java HotSpot(TM) 64-Bit Server VM (24.51-b03 mixed mode windows-amd64 compressed oops)
Heap
 PSYoungGen      total 120320K, used 115200K [0x00000007d5c00000, 0x00000007dd800000, 0x0000000800000000)
  eden space 115200K, 100% used [0x00000007d5c00000,0x00000007dcc80000,0x00000007dcc80000)
  from space 5120K, 0% used [0x00000007dd180000,0x00000007dd180000,0x00000007dd680000)
  to   space 5120K, 55% used [0x00000007dcc80000,0x00000007dcf48000,0x00000007dd180000)
 ParOldGen       total 288768K, used 181014K [0x0000000781400000, 0x0000000792e00000, 0x00000007d5c00000)
  object space 288768K, 62% used [0x0000000781400000,0x000000078c4c5978,0x0000000792e00000)
 PSPermGen       total 21504K, used 8819K [0x000000077c200000, 0x000000077d700000, 0x0000000781400000)
  object space 21504K, 41% used [0x000000077c200000,0x000000077ca9cf90,0x000000077d700000)
GC Heap History (10 events):
Event: 0.183 GC heap after
Heap after GC invocations=3 (full 1):
 PSYoungGen      total 71680K, used 0K [0x00000007d5c00000, 0x00000007da700000, 0x0000000800000000)
  eden space 66560K, 0% used [0x00000007d5c00000,0x00000007d5c00000,0x00000007d9d00000)
  from space 5120K, 0% used [0x00000007da200000,0x00000007da200000,0x00000007da700000)
  to   space 5120K, 0% used [0x00000007d9d00000,0x00000007d9d00000,0x00000007da200000)
 ParOldGen       total 138752K, used 64326K [0x0000000781400000, 0x0000000789b80000, 0x00000007d5c00000)
  object space 138752K, 46% used [0x0000000781400000,0x00000007852d1968,0x0000000789b80000)
 PSPermGen       total 21504K, used 3630K [0x000000077c200000, 0x000000077d700000, 0x0000000781400000)
  object space 21504K, 16% used [0x000000077c200000,0x000000077c58bae0,0x000000077d700000)
}
Event: 0.398 GC heap before
{Heap before GC invocations=4 (full 1):
 PSYoungGen      total 71680K, used 52315K [0x00000007d5c00000, 0x00000007da700000, 0x0000000800000000)
  eden space 66560K, 78% used [0x00000007d5c00000,0x00000007d8f16c58,0x00000007d9d00000)
  from space 5120K, 0% used [0x00000007da200000,0x00000007da200000,0x00000007da700000)
  to   space 5120K, 0% used [0x00000007d9d00000,0x00000007d9d00000,0x00000007da200000)
 ParOldGen       total 138752K, used 64326K [0x0000000781400000, 0x0000000789b80000, 0x00000007d5c00000)
  object space 138752K, 46% used [0x0000000781400000,0x00000007852d1968,0x0000000789b80000)
 PSPermGen       total 21504K, used 3634K [0x000000077c200000, 0x000000077d700000, 0x0000000781400000)
  object space 21504K, 16% used [0x000000077c200000,0x000000077c58c8b0,0x000000077d700000)
Event: 0.414 GC heap after
Heap after GC invocations=4 (full 1):
 PSYoungGen      total 71680K, used 5120K [0x00000007d5c00000, 0x00000007dd680000, 0x0000000800000000)
  eden space 66560K, 0% used [0x00000007d5c00000,0x00000007d5c00000,0x00000007d9d00000)
  from space 5120K, 100% used [0x00000007d9d00000,0x00000007da200000,0x00000007da200000)
  to   space 5120K, 0% used [0x00000007dd180000,0x00000007dd180000,0x00000007dd680000)
 ParOldGen       total 138752K, used 111584K [0x0000000781400000, 0x0000000789b80000, 0x00000007d5c00000)
  object space 138752K, 80% used [0x0000000781400000,0x00000007880f8208,0x0000000789b80000)
 PSPermGen       total 21504K, used 3634K [0x000000077c200000, 0x000000077d700000, 0x0000000781400000)
  object space 21504K, 16% used [0x000000077c200000,0x000000077c58c8b0,0x000000077d700000)
}
Event: 0.414 GC heap before
{Heap before GC invocations=5 (full 2):
 PSYoungGen      total 71680K, used 5120K [0x00000007d5c00000, 0x00000007dd680000, 0x0000000800000000)
  eden space 66560K, 0% used [0x00000007d5c00000,0x00000007d5c00000,0x00000007d9d00000)
  from space 5120K, 100% used [0x00000007d9d00000,0x00000007da200000,0x00000007da200000)
  to   space 5120K, 0% used [0x00000007dd180000,0x00000007dd180000,0x00000007dd680000)
 ParOldGen       total 138752K, used 111584K [0x0000000781400000, 0x0000000789b80000, 0x00000007d5c00000)
  object space 138752K, 80% used [0x0000000781400000,0x00000007880f8208,0x0000000789b80000)
 PSPermGen       total 21504K, used 3634K [0x000000077c200000, 0x000000077d700000, 0x0000000781400000)
  object space 21504K, 16% used [0x000000077c200000,0x000000077c58c8b0,0x000000077d700000)
Event: 0.439 GC heap after
Heap after GC invocations=5 (full 2):
 PSYoungGen      total 71680K, used 0K [0x00000007d5c00000, 0x00000007dd680000, 0x0000000800000000)
  eden space 66560K, 0% used [0x00000007d5c00000,0x00000007d5c00000,0x00000007d9d00000)
  from space 5120K, 0% used [0x00000007d9d00000,0x00000007d9d00000,0x00000007da200000)
  to   space 5120K, 0% used [0x00000007dd180000,0x00000007dd180000,0x00000007dd680000)
 ParOldGen       total 217088K, used 115414K [0x0000000781400000, 0x000000078e800000, 0x00000007d5c00000)
  object space 217088K, 53% used [0x0000000781400000,0x00000007884b5980,0x000000078e800000)
 PSPermGen       total 21504K, used 3634K [0x000000077c200000, 0x000000077d700000, 0x0000000781400000)
  object space 21504K, 16% used [0x000000077c200000,0x000000077c58c890,0x000000077d700000)
}
Event: 0.442 GC heap before
{Heap before GC invocations=6 (full 2):
 PSYoungGen      total 71680K, used 50377K [0x00000007d5c00000, 0x00000007dd680000, 0x0000000800000000)
  eden space 66560K, 75% used [0x00000007d5c00000,0x00000007d8d32478,0x00000007d9d00000)
  from space 5120K, 0% used [0x00000007d9d00000,0x00000007d9d00000,0x00000007da200000)
  to   space 5120K, 0% used [0x00000007dd180000,0x00000007dd180000,0x00000007dd680000)
 ParOldGen       total 217088K, used 115414K [0x0000000781400000, 0x000000078e800000, 0x00000007d5c00000)
  object space 217088K, 53% used [0x0000000781400000,0x00000007884b5980,0x000000078e800000)
 PSPermGen       total 21504K, used 3634K [0x000000077c200000, 0x000000077d700000, 0x0000000781400000)
  object space 21504K, 16% used [0x000000077c200000,0x000000077c58c890,0x000000077d700000)
Event: 0.460 GC heap after
Heap after GC invocations=6 (full 2):
 PSYoungGen      total 120320K, used 0K [0x00000007d5c00000, 0x00000007dd800000, 0x0000000800000000)
  eden space 115200K, 0% used [0x00000007d5c00000,0x00000007d5c00000,0x00000007dcc80000)
  from space 5120K, 0% used [0x00000007dd180000,0x00000007dd180000,0x00000007dd680000)
  to   space 5120K, 0% used [0x00000007dcc80000,0x00000007dcc80000,0x00000007dd180000)
 ParOldGen       total 217088K, used 164614K [0x0000000781400000, 0x000000078e800000, 0x00000007d5c00000)
  object space 217088K, 75% used [0x0000000781400000,0x000000078b4c19b0,0x000000078e800000)
 PSPermGen       total 21504K, used 3634K [0x000000077c200000, 0x000000077d700000, 0x0000000781400000)
  object space 21504K, 16% used [0x000000077c200000,0x000000077c58c890,0x000000077d700000)
}
Event: 0.460 GC heap before
{Heap before GC invocations=7 (full 3):
 PSYoungGen      total 120320K, used 0K [0x00000007d5c00000, 0x00000007dd800000, 0x0000000800000000)
  eden space 115200K, 0% used [0x00000007d5c00000,0x00000007d5c00000,0x00000007dcc80000)
  from space 5120K, 0% used [0x00000007dd180000,0x00000007dd180000,0x00000007dd680000)
  to   space 5120K, 0% used [0x00000007dcc80000,0x00000007dcc80000,0x00000007dd180000)
 ParOldGen       total 217088K, used 164614K [0x0000000781400000, 0x000000078e800000, 0x00000007d5c00000)
  object space 217088K, 75% used [0x0000000781400000,0x000000078b4c19b0,0x000000078e800000)
 PSPermGen       total 21504K, used 3634K [0x000000077c200000, 0x000000077d700000, 0x0000000781400000)
  object space 21504K, 16% used [0x000000077c200000,0x000000077c58c890,0x000000077d700000)
Event: 0.488 GC heap after
Heap after GC invocations=7 (full 3):
 PSYoungGen      total 120320K, used 0K [0x00000007d5c00000, 0x00000007dd800000, 0x0000000800000000)
  eden space 115200K, 0% used [0x00000007d5c00000,0x00000007d5c00000,0x00000007dcc80000)
  from space 5120K, 0% used [0x00000007dd180000,0x00000007dd180000,0x00000007dd680000)
  to   space 5120K, 0% used [0x00000007dcc80000,0x00000007dcc80000,0x00000007dd180000)
 ParOldGen       total 288768K, used 164614K [0x0000000781400000, 0x0000000792e00000, 0x00000007d5c00000)
  object space 288768K, 57% used [0x0000000781400000,0x000000078b4c1968,0x0000000792e00000)
 PSPermGen       total 21504K, used 3634K [0x000000077c200000, 0x000000077d700000, 0x0000000781400000)
  object space 21504K, 16% used [0x000000077c200000,0x000000077c58c890,0x000000077d700000)
}
Event: 0.798 GC heap before
{Heap before GC invocations=8 (full 3):
 PSYoungGen      total 120320K, used 115200K [0x00000007d5c00000, 0x00000007dd800000, 0x0000000800000000)
  eden space 115200K, 100% used [0x00000007d5c00000,0x00000007dcc80000,0x00000007dcc80000)
  from space 5120K, 0% used [0x00000007dd180000,0x00000007dd180000,0x00000007dd680000)
  to   space 5120K, 0% used [0x00000007dcc80000,0x00000007dcc80000,0x00000007dd180000)
 ParOldGen       total 288768K, used 164614K [0x0000000781400000, 0x0000000792e00000, 0x00000007d5c00000)
  object space 288768K, 57% used [0x0000000781400000,0x000000078b4c1968,0x0000000792e00000)
 PSPermGen       total 21504K, used 8819K [0x000000077c200000, 0x000000077d700000, 0x0000000781400000)
  object space 21504K, 41% used [0x000000077c200000,0x000000077ca9cf90,0x000000077d700000)

