# JRE version: Java(TM) SE Runtime Environment (7.0_51-b13) (build 1.7.0_51-b13)
# Java VM: Java HotSpot(TM) 64-Bit Server VM (24.51-b03 mixed mode windows-amd64 compressed oops)
Heap
 PSYoungGen      total 119808K, used 114688K [0x00000007d5c00000, 0x00000007dd800000, 0x0000000800000000)
  eden space 114688K, 100% used [0x00000007d5c00000,0x00000007dcc00000,0x00000007dcc00000)
  from space 5120K, 0% used [0x00000007dd100000,0x00000007dd100000,0x00000007dd600000)
  to   space 5120K, 42% used [0x00000007dcc00000,0x00000007dce20000,0x00000007dd100000)
 ParOldGen       total 284160K, used 181014K [0x0000000781400000, 0x0000000792980000, 0x00000007d5c00000)
  object space 284160K, 63% used [0x0000000781400000,0x000000078c4c5928,0x0000000792980000)
 PSPermGen       total 21504K, used 8817K [0x000000077c200000, 0x000000077d700000, 0x0000000781400000)
  object space 21504K, 41% used [0x000000077c200000,0x000000077ca9c5f8,0x000000077d700000)
GC Heap History (10 events):
Event: 0.189 GC heap after
Heap after GC invocations=3 (full 1):
 PSYoungGen      total 71680K, used 0K [0x00000007d5c00000, 0x00000007da700000, 0x0000000800000000)
  eden space 66560K, 0% used [0x00000007d5c00000,0x00000007d5c00000,0x00000007d9d00000)
  from space 5120K, 0% used [0x00000007da200000,0x00000007da200000,0x00000007da700000)
  to   space 5120K, 0% used [0x00000007d9d00000,0x00000007d9d00000,0x00000007da200000)
 ParOldGen       total 138752K, used 64326K [0x0000000781400000, 0x0000000789b80000, 0x00000007d5c00000)
  object space 138752K, 46% used [0x0000000781400000,0x00000007852d1918,0x0000000789b80000)
 PSPermGen       total 21504K, used 3630K [0x000000077c200000, 0x000000077d700000, 0x0000000781400000)
  object space 21504K, 16% used [0x000000077c200000,0x000000077c58bae8,0x000000077d700000)
}
Event: 0.403 GC heap before
{Heap before GC invocations=4 (full 1):
 PSYoungGen      total 71680K, used 52315K [0x00000007d5c00000, 0x00000007da700000, 0x0000000800000000)
  eden space 66560K, 78% used [0x00000007d5c00000,0x00000007d8f16c58,0x00000007d9d00000)
  from space 5120K, 0% used [0x00000007da200000,0x00000007da200000,0x00000007da700000)
  to   space 5120K, 0% used [0x00000007d9d00000,0x00000007d9d00000,0x00000007da200000)
 ParOldGen       total 138752K, used 64326K [0x0000000781400000, 0x0000000789b80000, 0x00000007d5c00000)
  object space 138752K, 46% used [0x0000000781400000,0x00000007852d1918,0x0000000789b80000)
 PSPermGen       total 21504K, used 3634K [0x000000077c200000, 0x000000077d700000, 0x0000000781400000)
  object space 21504K, 16% used [0x000000077c200000,0x000000077c58c8b8,0x000000077d700000)
Event: 0.419 GC heap after
Heap after GC invocations=4 (full 1):
 PSYoungGen      total 71680K, used 5120K [0x00000007d5c00000, 0x00000007dd600000, 0x0000000800000000)
  eden space 66560K, 0% used [0x00000007d5c00000,0x00000007d5c00000,0x00000007d9d00000)
  from space 5120K, 100% used [0x00000007d9d00000,0x00000007da200000,0x00000007da200000)
  to   space 5120K, 0% used [0x00000007dd100000,0x00000007dd100000,0x00000007dd600000)
 ParOldGen       total 138752K, used 111584K [0x0000000781400000, 0x0000000789b80000, 0x00000007d5c00000)
  object space 138752K, 80% used [0x0000000781400000,0x00000007880f81b8,0x0000000789b80000)
 PSPermGen       total 21504K, used 3634K [0x000000077c200000, 0x000000077d700000, 0x0000000781400000)
  object space 21504K, 16% used [0x000000077c200000,0x000000077c58c8b8,0x000000077d700000)
}
Event: 0.419 GC heap before
{Heap before GC invocations=5 (full 2):
 PSYoungGen      total 71680K, used 5120K [0x00000007d5c00000, 0x00000007dd600000, 0x0000000800000000)
  eden space 66560K, 0% used [0x00000007d5c00000,0x00000007d5c00000,0x00000007d9d00000)
  from space 5120K, 100% used [0x00000007d9d00000,0x00000007da200000,0x00000007da200000)
  to   space 5120K, 0% used [0x00000007dd100000,0x00000007dd100000,0x00000007dd600000)
 ParOldGen       total 138752K, used 111584K [0x0000000781400000, 0x0000000789b80000, 0x00000007d5c00000)
  object space 138752K, 80% used [0x0000000781400000,0x00000007880f81b8,0x0000000789b80000)
 PSPermGen       total 21504K, used 3634K [0x000000077c200000, 0x000000077d700000, 0x0000000781400000)
  object space 21504K, 16% used [0x000000077c200000,0x000000077c58c8b8,0x000000077d700000)
Event: 0.445 GC heap after
Heap after GC invocations=5 (full 2):
 PSYoungGen      total 71680K, used 0K [0x00000007d5c00000, 0x00000007dd600000, 0x0000000800000000)
  eden space 66560K, 0% used [0x00000007d5c00000,0x00000007d5c00000,0x00000007d9d00000)
  from space 5120K, 0% used [0x00000007d9d00000,0x00000007d9d00000,0x00000007da200000)
  to   space 5120K, 0% used [0x00000007dd100000,0x00000007dd100000,0x00000007dd600000)
 ParOldGen       total 217088K, used 115414K [0x0000000781400000, 0x000000078e800000, 0x00000007d5c00000)
  object space 217088K, 53% used [0x0000000781400000,0x00000007884b58e8,0x000000078e800000)
 PSPermGen       total 21504K, used 3634K [0x000000077c200000, 0x000000077d700000, 0x0000000781400000)
  object space 21504K, 16% used [0x000000077c200000,0x000000077c58c898,0x000000077d700000)
}
Event: 0.448 GC heap before
{Heap before GC invocations=6 (full 2):
 PSYoungGen      total 71680K, used 50377K [0x00000007d5c00000, 0x00000007dd600000, 0x0000000800000000)
  eden space 66560K, 75% used [0x00000007d5c00000,0x00000007d8d32478,0x00000007d9d00000)
  from space 5120K, 0% used [0x00000007d9d00000,0x00000007d9d00000,0x00000007da200000)
  to   space 5120K, 0% used [0x00000007dd100000,0x00000007dd100000,0x00000007dd600000)
 ParOldGen       total 217088K, used 115414K [0x0000000781400000, 0x000000078e800000, 0x00000007d5c00000)
  object space 217088K, 53% used [0x0000000781400000,0x00000007884b58e8,0x000000078e800000)
 PSPermGen       total 21504K, used 3634K [0x000000077c200000, 0x000000077d700000, 0x0000000781400000)
  object space 21504K, 16% used [0x000000077c200000,0x000000077c58c898,0x000000077d700000)
Event: 0.467 GC heap after
Heap after GC invocations=6 (full 2):
 PSYoungGen      total 119808K, used 0K [0x00000007d5c00000, 0x00000007dd800000, 0x0000000800000000)
  eden space 114688K, 0% used [0x00000007d5c00000,0x00000007d5c00000,0x00000007dcc00000)
  from space 5120K, 0% used [0x00000007dd100000,0x00000007dd100000,0x00000007dd600000)
  to   space 5120K, 0% used [0x00000007dcc00000,0x00000007dcc00000,0x00000007dd100000)
 ParOldGen       total 217088K, used 164614K [0x0000000781400000, 0x000000078e800000, 0x00000007d5c00000)
  object space 217088K, 75% used [0x0000000781400000,0x000000078b4c1918,0x000000078e800000)
 PSPermGen       total 21504K, used 3634K [0x000000077c200000, 0x000000077d700000, 0x0000000781400000)
  object space 21504K, 16% used [0x000000077c200000,0x000000077c58c898,0x000000077d700000)
}
Event: 0.467 GC heap before
{Heap before GC invocations=7 (full 3):
 PSYoungGen      total 119808K, used 0K [0x00000007d5c00000, 0x00000007dd800000, 0x0000000800000000)
  eden space 114688K, 0% used [0x00000007d5c00000,0x00000007d5c00000,0x00000007dcc00000)
  from space 5120K, 0% used [0x00000007dd100000,0x00000007dd100000,0x00000007dd600000)
  to   space 5120K, 0% used [0x00000007dcc00000,0x00000007dcc00000,0x00000007dd100000)
 ParOldGen       total 217088K, used 164614K [0x0000000781400000, 0x000000078e800000, 0x00000007d5c00000)
  object space 217088K, 75% used [0x0000000781400000,0x000000078b4c1918,0x000000078e800000)
 PSPermGen       total 21504K, used 3634K [0x000000077c200000, 0x000000077d700000, 0x0000000781400000)
  object space 21504K, 16% used [0x000000077c200000,0x000000077c58c898,0x000000077d700000)
Event: 0.473 GC heap after
Heap after GC invocations=7 (full 3):
 PSYoungGen      total 119808K, used 0K [0x00000007d5c00000, 0x00000007dd800000, 0x0000000800000000)
  eden space 114688K, 0% used [0x00000007d5c00000,0x00000007d5c00000,0x00000007dcc00000)
  from space 5120K, 0% used [0x00000007dd100000,0x00000007dd100000,0x00000007dd600000)
  to   space 5120K, 0% used [0x00000007dcc00000,0x00000007dcc00000,0x00000007dd100000)
 ParOldGen       total 284160K, used 164614K [0x0000000781400000, 0x0000000792980000, 0x00000007d5c00000)
  object space 284160K, 57% used [0x0000000781400000,0x000000078b4c1918,0x0000000792980000)
 PSPermGen       total 21504K, used 3634K [0x000000077c200000, 0x000000077d700000, 0x0000000781400000)
  object space 21504K, 16% used [0x000000077c200000,0x000000077c58c898,0x000000077d700000)
}
Event: 0.785 GC heap before
{Heap before GC invocations=8 (full 3):
 PSYoungGen      total 119808K, used 114688K [0x00000007d5c00000, 0x00000007dd800000, 0x0000000800000000)
  eden space 114688K, 100% used [0x00000007d5c00000,0x00000007dcc00000,0x00000007dcc00000)
  from space 5120K, 0% used [0x00000007dd100000,0x00000007dd100000,0x00000007dd600000)
  to   space 5120K, 0% used [0x00000007dcc00000,0x00000007dcc00000,0x00000007dd100000)
 ParOldGen       total 284160K, used 164614K [0x0000000781400000, 0x0000000792980000, 0x00000007d5c00000)
  object space 284160K, 57% used [0x0000000781400000,0x000000078b4c1918,0x0000000792980000)
 PSPermGen       total 21504K, used 8817K [0x000000077c200000, 0x000000077d700000, 0x0000000781400000)
  object space 21504K, 41% used [0x000000077c200000,0x000000077ca9c5f8,0x000000077d700000)

