# JRE version: Java(TM) SE Runtime Environment (7.0_51-b13) (build 1.7.0_51-b13)
# Java VM: Java HotSpot(TM) 64-Bit Server VM (24.51-b03 mixed mode windows-amd64 compressed oops)
Heap
 PSYoungGen      total 125440K, used 120320K [0x00000007d5c00000, 0x00000007ddc00000, 0x0000000800000000)
  eden space 120320K, 100% used [0x00000007d5c00000,0x00000007dd180000,0x00000007dd180000)
  from space 5120K, 0% used [0x00000007dd680000,0x00000007dd680000,0x00000007ddb80000)
  to   space 5120K, 100% used [0x00000007dd180000,0x00000007dd680000,0x00000007dd680000)
 ParOldGen       total 274432K, used 181190K [0x0000000781400000, 0x0000000792000000, 0x00000007d5c00000)
  object space 274432K, 66% used [0x0000000781400000,0x000000078c4f5920,0x0000000792000000)
 PSPermGen       total 21504K, used 10232K [0x000000077c200000, 0x000000077d700000, 0x0000000781400000)
  object space 21504K, 47% used [0x000000077c200000,0x000000077cbfe228,0x000000077d700000)
GC Heap History (10 events):
Event: 0.217 GC heap after
Heap after GC invocations=3 (full 1):
 PSYoungGen      total 71680K, used 0K [0x00000007d5c00000, 0x00000007da700000, 0x0000000800000000)
  eden space 66560K, 0% used [0x00000007d5c00000,0x00000007d5c00000,0x00000007d9d00000)
  from space 5120K, 0% used [0x00000007da200000,0x00000007da200000,0x00000007da700000)
  to   space 5120K, 0% used [0x00000007d9d00000,0x00000007d9d00000,0x00000007da200000)
 ParOldGen       total 138240K, used 65003K [0x0000000781400000, 0x0000000789b00000, 0x00000007d5c00000)
  object space 138240K, 47% used [0x0000000781400000,0x000000078537af28,0x0000000789b00000)
 PSPermGen       total 21504K, used 3630K [0x000000077c200000, 0x000000077d700000, 0x0000000781400000)
  object space 21504K, 16% used [0x000000077c200000,0x000000077c58ba58,0x000000077d700000)
}
Event: 0.438 GC heap before
{Heap before GC invocations=4 (full 1):
 PSYoungGen      total 71680K, used 52558K [0x00000007d5c00000, 0x00000007da700000, 0x0000000800000000)
  eden space 66560K, 78% used [0x00000007d5c00000,0x00000007d8f53b40,0x00000007d9d00000)
  from space 5120K, 0% used [0x00000007da200000,0x00000007da200000,0x00000007da700000)
  to   space 5120K, 0% used [0x00000007d9d00000,0x00000007d9d00000,0x00000007da200000)
 ParOldGen       total 138240K, used 65003K [0x0000000781400000, 0x0000000789b00000, 0x00000007d5c00000)
  object space 138240K, 47% used [0x0000000781400000,0x000000078537af28,0x0000000789b00000)
 PSPermGen       total 21504K, used 3634K [0x000000077c200000, 0x000000077d700000, 0x0000000781400000)
  object space 21504K, 16% used [0x000000077c200000,0x000000077c58c818,0x000000077d700000)
Event: 0.469 GC heap after
Heap after GC invocations=4 (full 1):
 PSYoungGen      total 71680K, used 5120K [0x00000007d5c00000, 0x00000007ddb80000, 0x0000000800000000)
  eden space 66560K, 0% used [0x00000007d5c00000,0x00000007d5c00000,0x00000007d9d00000)
  from space 5120K, 100% used [0x00000007d9d00000,0x00000007da200000,0x00000007da200000)
  to   space 5120K, 0% used [0x00000007dd680000,0x00000007dd680000,0x00000007ddb80000)
 ParOldGen       total 138240K, used 111604K [0x0000000781400000, 0x0000000789b00000, 0x00000007d5c00000)
  object space 138240K, 80% used [0x0000000781400000,0x00000007880fd018,0x0000000789b00000)
 PSPermGen       total 21504K, used 3634K [0x000000077c200000, 0x000000077d700000, 0x0000000781400000)
  object space 21504K, 16% used [0x000000077c200000,0x000000077c58c818,0x000000077d700000)
}
Event: 0.469 GC heap before
{Heap before GC invocations=5 (full 2):
 PSYoungGen      total 71680K, used 5120K [0x00000007d5c00000, 0x00000007ddb80000, 0x0000000800000000)
  eden space 66560K, 0% used [0x00000007d5c00000,0x00000007d5c00000,0x00000007d9d00000)
  from space 5120K, 100% used [0x00000007d9d00000,0x00000007da200000,0x00000007da200000)
  to   space 5120K, 0% used [0x00000007dd680000,0x00000007dd680000,0x00000007ddb80000)
 ParOldGen       total 138240K, used 111604K [0x0000000781400000, 0x0000000789b00000, 0x00000007d5c00000)
  object space 138240K, 80% used [0x0000000781400000,0x00000007880fd018,0x0000000789b00000)
 PSPermGen       total 21504K, used 3634K [0x000000077c200000, 0x000000077d700000, 0x0000000781400000)
  object space 21504K, 16% used [0x000000077c200000,0x000000077c58c818,0x000000077d700000)
Event: 0.495 GC heap after
Heap after GC invocations=5 (full 2):
 PSYoungGen      total 71680K, used 0K [0x00000007d5c00000, 0x00000007ddb80000, 0x0000000800000000)
  eden space 66560K, 0% used [0x00000007d5c00000,0x00000007d5c00000,0x00000007d9d00000)
  from space 5120K, 0% used [0x00000007d9d00000,0x00000007d9d00000,0x00000007da200000)
  to   space 5120K, 0% used [0x00000007dd680000,0x00000007dd680000,0x00000007ddb80000)
 ParOldGen       total 211456K, used 115414K [0x0000000781400000, 0x000000078e280000, 0x00000007d5c00000)
  object space 211456K, 54% used [0x0000000781400000,0x00000007884b5998,0x000000078e280000)
 PSPermGen       total 21504K, used 3633K [0x000000077c200000, 0x000000077d700000, 0x0000000781400000)
  object space 21504K, 16% used [0x000000077c200000,0x000000077c58c7f8,0x000000077d700000)
}
Event: 0.498 GC heap before
{Heap before GC invocations=6 (full 2):
 PSYoungGen      total 71680K, used 50372K [0x00000007d5c00000, 0x00000007ddb80000, 0x0000000800000000)
  eden space 66560K, 75% used [0x00000007d5c00000,0x00000007d8d31088,0x00000007d9d00000)
  from space 5120K, 0% used [0x00000007d9d00000,0x00000007d9d00000,0x00000007da200000)
  to   space 5120K, 0% used [0x00000007dd680000,0x00000007dd680000,0x00000007ddb80000)
 ParOldGen       total 211456K, used 115414K [0x0000000781400000, 0x000000078e280000, 0x00000007d5c00000)
  object space 211456K, 54% used [0x0000000781400000,0x00000007884b5998,0x000000078e280000)
 PSPermGen       total 21504K, used 3633K [0x000000077c200000, 0x000000077d700000, 0x0000000781400000)
  object space 21504K, 16% used [0x000000077c200000,0x000000077c58c7f8,0x000000077d700000)
Event: 0.525 GC heap after
Heap after GC invocations=6 (full 2):
 PSYoungGen      total 125440K, used 0K [0x00000007d5c00000, 0x00000007ddc00000, 0x0000000800000000)
  eden space 120320K, 0% used [0x00000007d5c00000,0x00000007d5c00000,0x00000007dd180000)
  from space 5120K, 0% used [0x00000007dd680000,0x00000007dd680000,0x00000007ddb80000)
  to   space 5120K, 0% used [0x00000007dd180000,0x00000007dd180000,0x00000007dd680000)
 ParOldGen       total 211456K, used 164614K [0x0000000781400000, 0x000000078e280000, 0x00000007d5c00000)
  object space 211456K, 77% used [0x0000000781400000,0x000000078b4c19c8,0x000000078e280000)
 PSPermGen       total 21504K, used 3633K [0x000000077c200000, 0x000000077d700000, 0x0000000781400000)
  object space 21504K, 16% used [0x000000077c200000,0x000000077c58c7f8,0x000000077d700000)
}
Event: 0.525 GC heap before
{Heap before GC invocations=7 (full 3):
 PSYoungGen      total 125440K, used 0K [0x00000007d5c00000, 0x00000007ddc00000, 0x0000000800000000)
  eden space 120320K, 0% used [0x00000007d5c00000,0x00000007d5c00000,0x00000007dd180000)
  from space 5120K, 0% used [0x00000007dd680000,0x00000007dd680000,0x00000007ddb80000)
  to   space 5120K, 0% used [0x00000007dd180000,0x00000007dd180000,0x00000007dd680000)
 ParOldGen       total 211456K, used 164614K [0x0000000781400000, 0x000000078e280000, 0x00000007d5c00000)
  object space 211456K, 77% used [0x0000000781400000,0x000000078b4c19c8,0x000000078e280000)
 PSPermGen       total 21504K, used 3633K [0x000000077c200000, 0x000000077d700000, 0x0000000781400000)
  object space 21504K, 16% used [0x000000077c200000,0x000000077c58c7f8,0x000000077d700000)
Event: 0.530 GC heap after
Heap after GC invocations=7 (full 3):
 PSYoungGen      total 125440K, used 0K [0x00000007d5c00000, 0x00000007ddc00000, 0x0000000800000000)
  eden space 120320K, 0% used [0x00000007d5c00000,0x00000007d5c00000,0x00000007dd180000)
  from space 5120K, 0% used [0x00000007dd680000,0x00000007dd680000,0x00000007ddb80000)
  to   space 5120K, 0% used [0x00000007dd180000,0x00000007dd180000,0x00000007dd680000)
 ParOldGen       total 274432K, used 164614K [0x0000000781400000, 0x0000000792000000, 0x00000007d5c00000)
  object space 274432K, 59% used [0x0000000781400000,0x000000078b4c19c8,0x0000000792000000)
 PSPermGen       total 21504K, used 3633K [0x000000077c200000, 0x000000077d700000, 0x0000000781400000)
  object space 21504K, 16% used [0x000000077c200000,0x000000077c58c7f8,0x000000077d700000)
}
Event: 1.021 GC heap before
{Heap before GC invocations=8 (full 3):
 PSYoungGen      total 125440K, used 120320K [0x00000007d5c00000, 0x00000007ddc00000, 0x0000000800000000)
  eden space 120320K, 100% used [0x00000007d5c00000,0x00000007dd180000,0x00000007dd180000)
  from space 5120K, 0% used [0x00000007dd680000,0x00000007dd680000,0x00000007ddb80000)
  to   space 5120K, 0% used [0x00000007dd180000,0x00000007dd180000,0x00000007dd680000)
 ParOldGen       total 274432K, used 164614K [0x0000000781400000, 0x0000000792000000, 0x00000007d5c00000)
  object space 274432K, 59% used [0x0000000781400000,0x000000078b4c19c8,0x0000000792000000)
 PSPermGen       total 21504K, used 10232K [0x000000077c200000, 0x000000077d700000, 0x0000000781400000)
  object space 21504K, 47% used [0x000000077c200000,0x000000077cbfe228,0x000000077d700000)

