# JRE version: Java(TM) SE Runtime Environment (7.0_51-b13) (build 1.7.0_51-b13)
# Java VM: Java HotSpot(TM) 64-Bit Server VM (24.51-b03 mixed mode windows-amd64 compressed oops)
Heap
 PSYoungGen      total 38400K, used 38376K [0x00000007d5c00000, 0x00000007da700000, 0x0000000800000000)
  eden space 33280K, 100% used [0x00000007d5c00000,0x00000007d7c80000,0x00000007d7c80000)
  from space 5120K, 99% used [0x00000007d7c80000,0x00000007d817a010,0x00000007d8180000)
  to   space 5120K, 99% used [0x00000007da200000,0x00000007da6fa010,0x00000007da700000)
 ParOldGen       total 86528K, used 35194K [0x0000000781400000, 0x0000000786880000, 0x00000007d5c00000)
  object space 86528K, 40% used [0x0000000781400000,0x000000078365e810,0x0000000786880000)
 PSPermGen       total 21504K, used 7961K [0x000000077c200000, 0x000000077d700000, 0x0000000781400000)
  object space 21504K, 37% used [0x000000077c200000,0x000000077c9c6630,0x000000077d700000)
GC Heap History (3 events):
Event: 0.206 GC heap before
{Heap before GC invocations=1 (full 0):
 PSYoungGen      total 38400K, used 30219K [0x00000007d5c00000, 0x00000007d8680000, 0x0000000800000000)
  eden space 33280K, 90% used [0x00000007d5c00000,0x00000007d7982fc8,0x00000007d7c80000)
  from space 5120K, 0% used [0x00000007d8180000,0x00000007d8180000,0x00000007d8680000)
  to   space 5120K, 0% used [0x00000007d7c80000,0x00000007d7c80000,0x00000007d8180000)
 ParOldGen       total 86528K, used 0K [0x0000000781400000, 0x0000000786880000, 0x00000007d5c00000)
  object space 86528K, 0% used [0x0000000781400000,0x0000000781400000,0x0000000786880000)
 PSPermGen       total 21504K, used 3635K [0x000000077c200000, 0x000000077d700000, 0x0000000781400000)
  object space 21504K, 16% used [0x000000077c200000,0x000000077c58cdc0,0x000000077d700000)
Event: 0.216 GC heap after
Heap after GC invocations=1 (full 0):
 PSYoungGen      total 38400K, used 5096K [0x00000007d5c00000, 0x00000007da700000, 0x0000000800000000)
  eden space 33280K, 0% used [0x00000007d5c00000,0x00000007d5c00000,0x00000007d7c80000)
  from space 5120K, 99% used [0x00000007d7c80000,0x00000007d817a010,0x00000007d8180000)
  to   space 5120K, 0% used [0x00000007da200000,0x00000007da200000,0x00000007da700000)
 ParOldGen       total 86528K, used 24320K [0x0000000781400000, 0x0000000786880000, 0x00000007d5c00000)
  object space 86528K, 28% used [0x0000000781400000,0x0000000782bc0178,0x0000000786880000)
 PSPermGen       total 21504K, used 3635K [0x000000077c200000, 0x000000077d700000, 0x0000000781400000)
  object space 21504K, 16% used [0x000000077c200000,0x000000077c58cdc0,0x000000077d700000)
}
Event: 0.392 GC heap before
{Heap before GC invocations=2 (full 0):
 PSYoungGen      total 38400K, used 38376K [0x00000007d5c00000, 0x00000007da700000, 0x0000000800000000)
  eden space 33280K, 100% used [0x00000007d5c00000,0x00000007d7c80000,0x00000007d7c80000)
  from space 5120K, 99% used [0x00000007d7c80000,0x00000007d817a010,0x00000007d8180000)
  to   space 5120K, 0% used [0x00000007da200000,0x00000007da200000,0x00000007da700000)
 ParOldGen       total 86528K, used 24320K [0x0000000781400000, 0x0000000786880000, 0x00000007d5c00000)
  object space 86528K, 28% used [0x0000000781400000,0x0000000782bc0178,0x0000000786880000)
 PSPermGen       total 21504K, used 7961K [0x000000077c200000, 0x000000077d700000, 0x0000000781400000)
  object space 21504K, 37% used [0x000000077c200000,0x000000077c9c6630,0x000000077d700000)

