# JRE version: Java(TM) SE Runtime Environment (7.0_51-b13) (build 1.7.0_51-b13)
# Java VM: Java HotSpot(TM) 64-Bit Server VM (24.51-b03 mixed mode windows-amd64 compressed oops)
Heap
 PSYoungGen      total 318464K, used 6022K [0x00000000eaa80000, 0x0000000100000000, 0x0000000100000000)
  eden space 289792K, 2% used [0x00000000eaa80000,0x00000000eb061880,0x00000000fc580000)
  from space 28672K, 0% used [0x00000000fc580000,0x00000000fc580000,0x00000000fe180000)
  to   space 31232K, 0% used [0x00000000fe180000,0x00000000fe180000,0x0000000100000000)
 ParOldGen       total 118272K, used 50288K [0x00000000c0000000, 0x00000000c7380000, 0x00000000eaa80000)
  object space 118272K, 42% used [0x00000000c0000000,0x00000000c311c3a0,0x00000000c7380000)
 PSPermGen       total 21504K, used 7827K [0x00000000bae00000, 0x00000000bc300000, 0x00000000c0000000)
  object space 21504K, 36% used [0x00000000bae00000,0x00000000bb5a4dd0,0x00000000bc300000)
GC Heap History (10 events):
Event: 2.155 GC heap before
{Heap before GC invocations=14 (full 0):
 PSYoungGen      total 318976K, used 289107K [0x00000000eaa80000, 0x0000000100000000, 0x0000000100000000)
  eden space 289280K, 99% used [0x00000000eaa80000,0x00000000fc374e28,0x00000000fc500000)
  from space 29696K, 4% used [0x00000000fc500000,0x00000000fc660000,0x00000000fe200000)
  to   space 30208K, 0% used [0x00000000fe280000,0x00000000fe280000,0x0000000100000000)
 ParOldGen       total 86528K, used 59857K [0x00000000c0000000, 0x00000000c5480000, 0x00000000eaa80000)
  object space 86528K, 69% used [0x00000000c0000000,0x00000000c3a74478,0x00000000c5480000)
 PSPermGen       total 21504K, used 7828K [0x00000000bae00000, 0x00000000bc300000, 0x00000000c0000000)
  object space 21504K, 36% used [0x00000000bae00000,0x00000000bb5a5248,0x00000000bc300000)
Event: 2.159 GC heap after
Heap after GC invocations=14 (full 0):
 PSYoungGen      total 319488K, used 18280K [0x00000000eaa80000, 0x0000000100000000, 0x0000000100000000)
  eden space 289280K, 0% used [0x00000000eaa80000,0x00000000eaa80000,0x00000000fc500000)
  from space 30208K, 60% used [0x00000000fe280000,0x00000000ff45a010,0x0000000100000000)
  to   space 30208K, 0% used [0x00000000fc500000,0x00000000fc500000,0x00000000fe280000)
 ParOldGen       total 86528K, used 59857K [0x00000000c0000000, 0x00000000c5480000, 0x00000000eaa80000)
  object space 86528K, 69% used [0x00000000c0000000,0x00000000c3a74478,0x00000000c5480000)
 PSPermGen       total 21504K, used 7828K [0x00000000bae00000, 0x00000000bc300000, 0x00000000c0000000)
  object space 21504K, 36% used [0x00000000bae00000,0x00000000bb5a5248,0x00000000bc300000)
}
Event: 2.348 GC heap before
{Heap before GC invocations=15 (full 0):
 PSYoungGen      total 319488K, used 307560K [0x00000000eaa80000, 0x0000000100000000, 0x0000000100000000)
  eden space 289280K, 100% used [0x00000000eaa80000,0x00000000fc500000,0x00000000fc500000)
  from space 30208K, 60% used [0x00000000fe280000,0x00000000ff45a010,0x0000000100000000)
  to   space 30208K, 0% used [0x00000000fc500000,0x00000000fc500000,0x00000000fe280000)
 ParOldGen       total 86528K, used 59857K [0x00000000c0000000, 0x00000000c5480000, 0x00000000eaa80000)
  object space 86528K, 69% used [0x00000000c0000000,0x00000000c3a74478,0x00000000c5480000)
 PSPermGen       total 21504K, used 7828K [0x00000000bae00000, 0x00000000bc300000, 0x00000000c0000000)
  object space 21504K, 36% used [0x00000000bae00000,0x00000000bb5a5248,0x00000000bc300000)
Event: 2.351 GC heap after
Heap after GC invocations=15 (full 0):
 PSYoungGen      total 300032K, used 10688K [0x00000000eaa80000, 0x00000000ffe00000, 0x0000000100000000)
  eden space 289280K, 0% used [0x00000000eaa80000,0x00000000eaa80000,0x00000000fc500000)
  from space 10752K, 99% used [0x00000000fc500000,0x00000000fcf70000,0x00000000fcf80000)
  to   space 29184K, 0% used [0x00000000fe180000,0x00000000fe180000,0x00000000ffe00000)
 ParOldGen       total 86528K, used 59857K [0x00000000c0000000, 0x00000000c5480000, 0x00000000eaa80000)
  object space 86528K, 69% used [0x00000000c0000000,0x00000000c3a74478,0x00000000c5480000)
 PSPermGen       total 21504K, used 7828K [0x00000000bae00000, 0x00000000bc300000, 0x00000000c0000000)
  object space 21504K, 36% used [0x00000000bae00000,0x00000000bb5a5248,0x00000000bc300000)
}
Event: 2.781 GC heap before
{Heap before GC invocations=16 (full 0):
 PSYoungGen      total 300032K, used 298644K [0x00000000eaa80000, 0x00000000ffe00000, 0x0000000100000000)
  eden space 289280K, 99% used [0x00000000eaa80000,0x00000000fc3b52e8,0x00000000fc500000)
  from space 10752K, 99% used [0x00000000fc500000,0x00000000fcf70000,0x00000000fcf80000)
  to   space 29184K, 0% used [0x00000000fe180000,0x00000000fe180000,0x00000000ffe00000)
 ParOldGen       total 86528K, used 59857K [0x00000000c0000000, 0x00000000c5480000, 0x00000000eaa80000)
  object space 86528K, 69% used [0x00000000c0000000,0x00000000c3a74478,0x00000000c5480000)
 PSPermGen       total 21504K, used 7829K [0x00000000bae00000, 0x00000000bc300000, 0x00000000c0000000)
  object space 21504K, 36% used [0x00000000bae00000,0x00000000bb5a5518,0x00000000bc300000)
Event: 2.784 GC heap after
Heap after GC invocations=16 (full 0):
 PSYoungGen      total 318976K, used 16552K [0x00000000eaa80000, 0x0000000100000000, 0x0000000100000000)
  eden space 289792K, 0% used [0x00000000eaa80000,0x00000000eaa80000,0x00000000fc580000)
  from space 29184K, 56% used [0x00000000fe180000,0x00000000ff1aa050,0x00000000ffe00000)
  to   space 28672K, 0% used [0x00000000fc580000,0x00000000fc580000,0x00000000fe180000)
 ParOldGen       total 86528K, used 59857K [0x00000000c0000000, 0x00000000c5480000, 0x00000000eaa80000)
  object space 86528K, 69% used [0x00000000c0000000,0x00000000c3a74478,0x00000000c5480000)
 PSPermGen       total 21504K, used 7829K [0x00000000bae00000, 0x00000000bc300000, 0x00000000c0000000)
  object space 21504K, 36% used [0x00000000bae00000,0x00000000bb5a5518,0x00000000bc300000)
}
Event: 3.197 GC heap before
{Heap before GC invocations=17 (full 0):
 PSYoungGen      total 318976K, used 303676K [0x00000000eaa80000, 0x0000000100000000, 0x0000000100000000)
  eden space 289792K, 99% used [0x00000000eaa80000,0x00000000fc2e5120,0x00000000fc580000)
  from space 29184K, 56% used [0x00000000fe180000,0x00000000ff1aa050,0x00000000ffe00000)
  to   space 28672K, 0% used [0x00000000fc580000,0x00000000fc580000,0x00000000fe180000)
 ParOldGen       total 86528K, used 59857K [0x00000000c0000000, 0x00000000c5480000, 0x00000000eaa80000)
  object space 86528K, 69% used [0x00000000c0000000,0x00000000c3a74478,0x00000000c5480000)
 PSPermGen       total 21504K, used 7829K [0x00000000bae00000, 0x00000000bc300000, 0x00000000c0000000)
  object space 21504K, 36% used [0x00000000bae00000,0x00000000bb5a5518,0x00000000bc300000)
Event: 3.204 GC heap after
Heap after GC invocations=17 (full 0):
 PSYoungGen      total 318464K, used 24760K [0x00000000eaa80000, 0x0000000100000000, 0x0000000100000000)
  eden space 289792K, 0% used [0x00000000eaa80000,0x00000000eaa80000,0x00000000fc580000)
  from space 28672K, 86% used [0x00000000fc580000,0x00000000fddae070,0x00000000fe180000)
  to   space 31232K, 0% used [0x00000000fe180000,0x00000000fe180000,0x0000000100000000)
 ParOldGen       total 86528K, used 76305K [0x00000000c0000000, 0x00000000c5480000, 0x00000000eaa80000)
  object space 86528K, 88% used [0x00000000c0000000,0x00000000c4a844b8,0x00000000c5480000)
 PSPermGen       total 21504K, used 7829K [0x00000000bae00000, 0x00000000bc300000, 0x00000000c0000000)
  object space 21504K, 36% used [0x00000000bae00000,0x00000000bb5a5518,0x00000000bc300000)
}
Event: 3.204 GC heap before
{Heap before GC invocations=18 (full 1):
 PSYoungGen      total 318464K, used 24760K [0x00000000eaa80000, 0x0000000100000000, 0x0000000100000000)
  eden space 289792K, 0% used [0x00000000eaa80000,0x00000000eaa80000,0x00000000fc580000)
  from space 28672K, 86% used [0x00000000fc580000,0x00000000fddae070,0x00000000fe180000)
  to   space 31232K, 0% used [0x00000000fe180000,0x00000000fe180000,0x0000000100000000)
 ParOldGen       total 86528K, used 76305K [0x00000000c0000000, 0x00000000c5480000, 0x00000000eaa80000)
  object space 86528K, 88% used [0x00000000c0000000,0x00000000c4a844b8,0x00000000c5480000)
 PSPermGen       total 21504K, used 7829K [0x00000000bae00000, 0x00000000bc300000, 0x00000000c0000000)
  object space 21504K, 36% used [0x00000000bae00000,0x00000000bb5a5518,0x00000000bc300000)
Event: 3.235 GC heap after
Heap after GC invocations=18 (full 1):
 PSYoungGen      total 318464K, used 0K [0x00000000eaa80000, 0x0000000100000000, 0x0000000100000000)
  eden space 289792K, 0% used [0x00000000eaa80000,0x00000000eaa80000,0x00000000fc580000)
  from space 28672K, 0% used [0x00000000fc580000,0x00000000fc580000,0x00000000fe180000)
  to   space 31232K, 0% used [0x00000000fe180000,0x00000000fe180000,0x0000000100000000)
 ParOldGen       total 118272K, used 50288K [0x00000000c0000000, 0x00000000c7380000, 0x00000000eaa80000)
  object space 118272K, 42% used [0x00000000c0000000,0x00000000c311c3a0,0x00000000c7380000)
 PSPermGen       total 21504K, used 7827K [0x00000000bae00000, 0x00000000bc300000, 0x00000000c0000000)
  object space 21504K, 36% used [0x00000000bae00000,0x00000000bb5a4dd0,0x00000000bc300000)
}

