# JRE version: Java(TM) SE Runtime Environment (7.0_51-b13) (build 1.7.0_51-b13)
# Java VM: Java HotSpot(TM) 64-Bit Server VM (24.51-b03 mixed mode windows-amd64 compressed oops)
Heap
 PSYoungGen      total 111104K, used 105984K [0x00000000eaa80000, 0x00000000fd200000, 0x0000000100000000)
  eden space 105984K, 100% used [0x00000000eaa80000,0x00000000f1200000,0x00000000f1200000)
  from space 5120K, 0% used [0x00000000f1200000,0x00000000f1200000,0x00000000f1700000)
  to   space 67584K, 33% used [0x00000000f9000000,0x00000000fa5f8000,0x00000000fd200000)
 ParOldGen       total 309248K, used 148721K [0x00000000c0000000, 0x00000000d2e00000, 0x00000000eaa80000)
  object space 309248K, 48% used [0x00000000c0000000,0x00000000c913c428,0x00000000d2e00000)
 PSPermGen       total 21504K, used 7823K [0x00000000bae00000, 0x00000000bc300000, 0x00000000c0000000)
  object space 21504K, 36% used [0x00000000bae00000,0x00000000bb5a3f18,0x00000000bc300000)
GC Heap History (10 events):
Event: 0.313 GC heap after
Heap after GC invocations=4 (full 1):
 PSYoungGen      total 71680K, used 5120K [0x00000000eaa80000, 0x00000000f2000000, 0x0000000100000000)
  eden space 66560K, 0% used [0x00000000eaa80000,0x00000000eaa80000,0x00000000eeb80000)
  from space 5120K, 100% used [0x00000000eeb80000,0x00000000ef080000,0x00000000ef080000)
  to   space 5120K, 0% used [0x00000000f1b00000,0x00000000f1b00000,0x00000000f2000000)
 ParOldGen       total 139264K, used 112162K [0x00000000c0000000, 0x00000000c8800000, 0x00000000eaa80000)
  object space 139264K, 80% used [0x00000000c0000000,0x00000000c6d88a70,0x00000000c8800000)
 PSPermGen       total 21504K, used 7448K [0x00000000bae00000, 0x00000000bc300000, 0x00000000c0000000)
  object space 21504K, 34% used [0x00000000bae00000,0x00000000bb5462f8,0x00000000bc300000)
}
Event: 0.313 GC heap before
{Heap before GC invocations=5 (full 2):
 PSYoungGen      total 71680K, used 5120K [0x00000000eaa80000, 0x00000000f2000000, 0x0000000100000000)
  eden space 66560K, 0% used [0x00000000eaa80000,0x00000000eaa80000,0x00000000eeb80000)
  from space 5120K, 100% used [0x00000000eeb80000,0x00000000ef080000,0x00000000ef080000)
  to   space 5120K, 0% used [0x00000000f1b00000,0x00000000f1b00000,0x00000000f2000000)
 ParOldGen       total 139264K, used 112162K [0x00000000c0000000, 0x00000000c8800000, 0x00000000eaa80000)
  object space 139264K, 80% used [0x00000000c0000000,0x00000000c6d88a70,0x00000000c8800000)
 PSPermGen       total 21504K, used 7448K [0x00000000bae00000, 0x00000000bc300000, 0x00000000c0000000)
  object space 21504K, 34% used [0x00000000bae00000,0x00000000bb5462f8,0x00000000bc300000)
Event: 0.332 GC heap after
Heap after GC invocations=5 (full 2):
 PSYoungGen      total 71680K, used 0K [0x00000000eaa80000, 0x00000000f2000000, 0x0000000100000000)
  eden space 66560K, 0% used [0x00000000eaa80000,0x00000000eaa80000,0x00000000eeb80000)
  from space 5120K, 0% used [0x00000000eeb80000,0x00000000eeb80000,0x00000000ef080000)
  to   space 5120K, 0% used [0x00000000f1b00000,0x00000000f1b00000,0x00000000f2000000)
 ParOldGen       total 209408K, used 99586K [0x00000000c0000000, 0x00000000ccc80000, 0x00000000eaa80000)
  object space 209408K, 47% used [0x00000000c0000000,0x00000000c61409e8,0x00000000ccc80000)
 PSPermGen       total 21504K, used 7448K [0x00000000bae00000, 0x00000000bc300000, 0x00000000c0000000)
  object space 21504K, 34% used [0x00000000bae00000,0x00000000bb5462f8,0x00000000bc300000)
}
Event: 0.421 GC heap before
{Heap before GC invocations=6 (full 2):
 PSYoungGen      total 71680K, used 50507K [0x00000000eaa80000, 0x00000000f2000000, 0x0000000100000000)
  eden space 66560K, 75% used [0x00000000eaa80000,0x00000000edbd2ea8,0x00000000eeb80000)
  from space 5120K, 0% used [0x00000000eeb80000,0x00000000eeb80000,0x00000000ef080000)
  to   space 5120K, 0% used [0x00000000f1b00000,0x00000000f1b00000,0x00000000f2000000)
 ParOldGen       total 209408K, used 99586K [0x00000000c0000000, 0x00000000ccc80000, 0x00000000eaa80000)
  object space 209408K, 47% used [0x00000000c0000000,0x00000000c61409e8,0x00000000ccc80000)
 PSPermGen       total 21504K, used 7450K [0x00000000bae00000, 0x00000000bc300000, 0x00000000c0000000)
  object space 21504K, 34% used [0x00000000bae00000,0x00000000bb546808,0x00000000bc300000)
Event: 0.421 GC heap after
Heap after GC invocations=6 (full 2):
 PSYoungGen      total 107008K, used 128K [0x00000000eaa80000, 0x00000000f1c00000, 0x0000000100000000)
  eden space 105984K, 0% used [0x00000000eaa80000,0x00000000eaa80000,0x00000000f1200000)
  from space 1024K, 12% used [0x00000000f1b00000,0x00000000f1b20000,0x00000000f1c00000)
  to   space 5120K, 0% used [0x00000000f1200000,0x00000000f1200000,0x00000000f1700000)
 ParOldGen       total 209408K, used 99586K [0x00000000c0000000, 0x00000000ccc80000, 0x00000000eaa80000)
  object space 209408K, 47% used [0x00000000c0000000,0x00000000c61409e8,0x00000000ccc80000)
 PSPermGen       total 21504K, used 7450K [0x00000000bae00000, 0x00000000bc300000, 0x00000000c0000000)
  object space 21504K, 34% used [0x00000000bae00000,0x00000000bb546808,0x00000000bc300000)
}
Event: 0.538 GC heap before
{Heap before GC invocations=7 (full 2):
 PSYoungGen      total 107008K, used 104156K [0x00000000eaa80000, 0x00000000f1c00000, 0x0000000100000000)
  eden space 105984K, 98% used [0x00000000eaa80000,0x00000000f10170c0,0x00000000f1200000)
  from space 1024K, 12% used [0x00000000f1b00000,0x00000000f1b20000,0x00000000f1c00000)
  to   space 5120K, 0% used [0x00000000f1200000,0x00000000f1200000,0x00000000f1700000)
 ParOldGen       total 209408K, used 99586K [0x00000000c0000000, 0x00000000ccc80000, 0x00000000eaa80000)
  object space 209408K, 47% used [0x00000000c0000000,0x00000000c61409e8,0x00000000ccc80000)
 PSPermGen       total 21504K, used 7796K [0x00000000bae00000, 0x00000000bc300000, 0x00000000c0000000)
  object space 21504K, 36% used [0x00000000bae00000,0x00000000bb59d360,0x00000000bc300000)
Event: 0.564 GC heap after
Heap after GC invocations=7 (full 2):
 PSYoungGen      total 111104K, used 320K [0x00000000eaa80000, 0x00000000fd200000, 0x0000000100000000)
  eden space 105984K, 0% used [0x00000000eaa80000,0x00000000eaa80000,0x00000000f1200000)
  from space 5120K, 6% used [0x00000000f1200000,0x00000000f1250000,0x00000000f1700000)
  to   space 67584K, 0% used [0x00000000f9000000,0x00000000f9000000,0x00000000fd200000)
 ParOldGen       total 209408K, used 198002K [0x00000000c0000000, 0x00000000ccc80000, 0x00000000eaa80000)
  object space 209408K, 94% used [0x00000000c0000000,0x00000000cc15ca58,0x00000000ccc80000)
 PSPermGen       total 21504K, used 7796K [0x00000000bae00000, 0x00000000bc300000, 0x00000000c0000000)
  object space 21504K, 36% used [0x00000000bae00000,0x00000000bb59d360,0x00000000bc300000)
}
Event: 0.564 GC heap before
{Heap before GC invocations=8 (full 3):
 PSYoungGen      total 111104K, used 320K [0x00000000eaa80000, 0x00000000fd200000, 0x0000000100000000)
  eden space 105984K, 0% used [0x00000000eaa80000,0x00000000eaa80000,0x00000000f1200000)
  from space 5120K, 6% used [0x00000000f1200000,0x00000000f1250000,0x00000000f1700000)
  to   space 67584K, 0% used [0x00000000f9000000,0x00000000f9000000,0x00000000fd200000)
 ParOldGen       total 209408K, used 198002K [0x00000000c0000000, 0x00000000ccc80000, 0x00000000eaa80000)
  object space 209408K, 94% used [0x00000000c0000000,0x00000000cc15ca58,0x00000000ccc80000)
 PSPermGen       total 21504K, used 7796K [0x00000000bae00000, 0x00000000bc300000, 0x00000000c0000000)
  object space 21504K, 36% used [0x00000000bae00000,0x00000000bb59d360,0x00000000bc300000)
Event: 0.595 GC heap after
Heap after GC invocations=8 (full 3):
 PSYoungGen      total 111104K, used 0K [0x00000000eaa80000, 0x00000000fd200000, 0x0000000100000000)
  eden space 105984K, 0% used [0x00000000eaa80000,0x00000000eaa80000,0x00000000f1200000)
  from space 5120K, 0% used [0x00000000f1200000,0x00000000f1200000,0x00000000f1700000)
  to   space 67584K, 0% used [0x00000000f9000000,0x00000000f9000000,0x00000000fd200000)
 ParOldGen       total 309248K, used 148721K [0x00000000c0000000, 0x00000000d2e00000, 0x00000000eaa80000)
  object space 309248K, 48% used [0x00000000c0000000,0x00000000c913c428,0x00000000d2e00000)
 PSPermGen       total 21504K, used 7796K [0x00000000bae00000, 0x00000000bc300000, 0x00000000c0000000)
  object space 21504K, 36% used [0x00000000bae00000,0x00000000bb59d308,0x00000000bc300000)
}
Event: 0.664 GC heap before
{Heap before GC invocations=9 (full 3):
 PSYoungGen      total 111104K, used 105984K [0x00000000eaa80000, 0x00000000fd200000, 0x0000000100000000)
  eden space 105984K, 100% used [0x00000000eaa80000,0x00000000f1200000,0x00000000f1200000)
  from space 5120K, 0% used [0x00000000f1200000,0x00000000f1200000,0x00000000f1700000)
  to   space 67584K, 0% used [0x00000000f9000000,0x00000000f9000000,0x00000000fd200000)
 ParOldGen       total 309248K, used 148721K [0x00000000c0000000, 0x00000000d2e00000, 0x00000000eaa80000)
  object space 309248K, 48% used [0x00000000c0000000,0x00000000c913c428,0x00000000d2e00000)
 PSPermGen       total 21504K, used 7823K [0x00000000bae00000, 0x00000000bc300000, 0x00000000c0000000)
  object space 21504K, 36% used [0x00000000bae00000,0x00000000bb5a3f18,0x00000000bc300000)

