# JRE version: Java(TM) SE Runtime Environment (7.0_51-b13) (build 1.7.0_51-b13)
# Java VM: Java HotSpot(TM) 64-Bit Server VM (24.51-b03 mixed mode windows-amd64 compressed oops)
Heap
 PSYoungGen      total 111104K, used 105984K [0x00000000eaa80000, 0x00000000fd100000, 0x0000000100000000)
  eden space 105984K, 100% used [0x00000000eaa80000,0x00000000f1200000,0x00000000f1200000)
  from space 5120K, 0% used [0x00000000f1200000,0x00000000f1200000,0x00000000f1700000)
  to   space 67584K, 100% used [0x00000000f8f00000,0x00000000fd100000,0x00000000fd100000)
 ParOldGen       total 310784K, used 153422K [0x00000000c0000000, 0x00000000d2f80000, 0x00000000eaa80000)
  object space 310784K, 49% used [0x00000000c0000000,0x00000000c95d3b70,0x00000000d2f80000)
 PSPermGen       total 21504K, used 7823K [0x00000000bae00000, 0x00000000bc300000, 0x00000000c0000000)
  object space 21504K, 36% used [0x00000000bae00000,0x00000000bb5a3f18,0x00000000bc300000)
GC Heap History (10 events):
Event: 0.321 GC heap after
Heap after GC invocations=4 (full 1):
 PSYoungGen      total 71680K, used 5120K [0x00000000eaa80000, 0x00000000f1f00000, 0x0000000100000000)
  eden space 66560K, 0% used [0x00000000eaa80000,0x00000000eaa80000,0x00000000eeb80000)
  from space 5120K, 100% used [0x00000000eeb80000,0x00000000ef080000,0x00000000ef080000)
  to   space 5120K, 0% used [0x00000000f1a00000,0x00000000f1a00000,0x00000000f1f00000)
 ParOldGen       total 139776K, used 112152K [0x00000000c0000000, 0x00000000c8880000, 0x00000000eaa80000)
  object space 139776K, 80% used [0x00000000c0000000,0x00000000c6d86098,0x00000000c8880000)
 PSPermGen       total 21504K, used 7448K [0x00000000bae00000, 0x00000000bc300000, 0x00000000c0000000)
  object space 21504K, 34% used [0x00000000bae00000,0x00000000bb5462f8,0x00000000bc300000)
}
Event: 0.321 GC heap before
{Heap before GC invocations=5 (full 2):
 PSYoungGen      total 71680K, used 5120K [0x00000000eaa80000, 0x00000000f1f00000, 0x0000000100000000)
  eden space 66560K, 0% used [0x00000000eaa80000,0x00000000eaa80000,0x00000000eeb80000)
  from space 5120K, 100% used [0x00000000eeb80000,0x00000000ef080000,0x00000000ef080000)
  to   space 5120K, 0% used [0x00000000f1a00000,0x00000000f1a00000,0x00000000f1f00000)
 ParOldGen       total 139776K, used 112152K [0x00000000c0000000, 0x00000000c8880000, 0x00000000eaa80000)
  object space 139776K, 80% used [0x00000000c0000000,0x00000000c6d86098,0x00000000c8880000)
 PSPermGen       total 21504K, used 7448K [0x00000000bae00000, 0x00000000bc300000, 0x00000000c0000000)
  object space 21504K, 34% used [0x00000000bae00000,0x00000000bb5462f8,0x00000000bc300000)
Event: 0.341 GC heap after
Heap after GC invocations=5 (full 2):
 PSYoungGen      total 71680K, used 0K [0x00000000eaa80000, 0x00000000f1f00000, 0x0000000100000000)
  eden space 66560K, 0% used [0x00000000eaa80000,0x00000000eaa80000,0x00000000eeb80000)
  from space 5120K, 0% used [0x00000000eeb80000,0x00000000eeb80000,0x00000000ef080000)
  to   space 5120K, 0% used [0x00000000f1a00000,0x00000000f1a00000,0x00000000f1f00000)
 ParOldGen       total 210432K, used 99557K [0x00000000c0000000, 0x00000000ccd80000, 0x00000000eaa80000)
  object space 210432K, 47% used [0x00000000c0000000,0x00000000c6139608,0x00000000ccd80000)
 PSPermGen       total 21504K, used 7448K [0x00000000bae00000, 0x00000000bc300000, 0x00000000c0000000)
  object space 21504K, 34% used [0x00000000bae00000,0x00000000bb5462f8,0x00000000bc300000)
}
Event: 0.430 GC heap before
{Heap before GC invocations=6 (full 2):
 PSYoungGen      total 71680K, used 50507K [0x00000000eaa80000, 0x00000000f1f00000, 0x0000000100000000)
  eden space 66560K, 75% used [0x00000000eaa80000,0x00000000edbd2ea8,0x00000000eeb80000)
  from space 5120K, 0% used [0x00000000eeb80000,0x00000000eeb80000,0x00000000ef080000)
  to   space 5120K, 0% used [0x00000000f1a00000,0x00000000f1a00000,0x00000000f1f00000)
 ParOldGen       total 210432K, used 99557K [0x00000000c0000000, 0x00000000ccd80000, 0x00000000eaa80000)
  object space 210432K, 47% used [0x00000000c0000000,0x00000000c6139608,0x00000000ccd80000)
 PSPermGen       total 21504K, used 7450K [0x00000000bae00000, 0x00000000bc300000, 0x00000000c0000000)
  object space 21504K, 34% used [0x00000000bae00000,0x00000000bb546808,0x00000000bc300000)
Event: 0.431 GC heap after
Heap after GC invocations=6 (full 2):
 PSYoungGen      total 108032K, used 128K [0x00000000eaa80000, 0x00000000f1c00000, 0x0000000100000000)
  eden space 105984K, 0% used [0x00000000eaa80000,0x00000000eaa80000,0x00000000f1200000)
  from space 2048K, 6% used [0x00000000f1a00000,0x00000000f1a20000,0x00000000f1c00000)
  to   space 5120K, 0% used [0x00000000f1200000,0x00000000f1200000,0x00000000f1700000)
 ParOldGen       total 210432K, used 99557K [0x00000000c0000000, 0x00000000ccd80000, 0x00000000eaa80000)
  object space 210432K, 47% used [0x00000000c0000000,0x00000000c6139608,0x00000000ccd80000)
 PSPermGen       total 21504K, used 7450K [0x00000000bae00000, 0x00000000bc300000, 0x00000000c0000000)
  object space 21504K, 34% used [0x00000000bae00000,0x00000000bb546808,0x00000000bc300000)
}
Event: 0.555 GC heap before
{Heap before GC invocations=7 (full 2):
 PSYoungGen      total 108032K, used 104156K [0x00000000eaa80000, 0x00000000f1c00000, 0x0000000100000000)
  eden space 105984K, 98% used [0x00000000eaa80000,0x00000000f10170c0,0x00000000f1200000)
  from space 2048K, 6% used [0x00000000f1a00000,0x00000000f1a20000,0x00000000f1c00000)
  to   space 5120K, 0% used [0x00000000f1200000,0x00000000f1200000,0x00000000f1700000)
 ParOldGen       total 210432K, used 99557K [0x00000000c0000000, 0x00000000ccd80000, 0x00000000eaa80000)
  object space 210432K, 47% used [0x00000000c0000000,0x00000000c6139608,0x00000000ccd80000)
 PSPermGen       total 21504K, used 7796K [0x00000000bae00000, 0x00000000bc300000, 0x00000000c0000000)
  object space 21504K, 36% used [0x00000000bae00000,0x00000000bb59d360,0x00000000bc300000)
Event: 0.577 GC heap after
Heap after GC invocations=7 (full 2):
 PSYoungGen      total 111104K, used 288K [0x00000000eaa80000, 0x00000000fd100000, 0x0000000100000000)
  eden space 105984K, 0% used [0x00000000eaa80000,0x00000000eaa80000,0x00000000f1200000)
  from space 5120K, 5% used [0x00000000f1200000,0x00000000f1248000,0x00000000f1700000)
  to   space 67584K, 0% used [0x00000000f8f00000,0x00000000f8f00000,0x00000000fd100000)
 ParOldGen       total 210432K, used 197973K [0x00000000c0000000, 0x00000000ccd80000, 0x00000000eaa80000)
  object space 210432K, 94% used [0x00000000c0000000,0x00000000cc155678,0x00000000ccd80000)
 PSPermGen       total 21504K, used 7796K [0x00000000bae00000, 0x00000000bc300000, 0x00000000c0000000)
  object space 21504K, 36% used [0x00000000bae00000,0x00000000bb59d360,0x00000000bc300000)
}
Event: 0.577 GC heap before
{Heap before GC invocations=8 (full 3):
 PSYoungGen      total 111104K, used 288K [0x00000000eaa80000, 0x00000000fd100000, 0x0000000100000000)
  eden space 105984K, 0% used [0x00000000eaa80000,0x00000000eaa80000,0x00000000f1200000)
  from space 5120K, 5% used [0x00000000f1200000,0x00000000f1248000,0x00000000f1700000)
  to   space 67584K, 0% used [0x00000000f8f00000,0x00000000f8f00000,0x00000000fd100000)
 ParOldGen       total 210432K, used 197973K [0x00000000c0000000, 0x00000000ccd80000, 0x00000000eaa80000)
  object space 210432K, 94% used [0x00000000c0000000,0x00000000cc155678,0x00000000ccd80000)
 PSPermGen       total 21504K, used 7796K [0x00000000bae00000, 0x00000000bc300000, 0x00000000c0000000)
  object space 21504K, 36% used [0x00000000bae00000,0x00000000bb59d360,0x00000000bc300000)
Event: 0.608 GC heap after
Heap after GC invocations=8 (full 3):
 PSYoungGen      total 111104K, used 0K [0x00000000eaa80000, 0x00000000fd100000, 0x0000000100000000)
  eden space 105984K, 0% used [0x00000000eaa80000,0x00000000eaa80000,0x00000000f1200000)
  from space 5120K, 0% used [0x00000000f1200000,0x00000000f1200000,0x00000000f1700000)
  to   space 67584K, 0% used [0x00000000f8f00000,0x00000000f8f00000,0x00000000fd100000)
 ParOldGen       total 310784K, used 148721K [0x00000000c0000000, 0x00000000d2f80000, 0x00000000eaa80000)
  object space 310784K, 47% used [0x00000000c0000000,0x00000000c913c480,0x00000000d2f80000)
 PSPermGen       total 21504K, used 7796K [0x00000000bae00000, 0x00000000bc300000, 0x00000000c0000000)
  object space 21504K, 36% used [0x00000000bae00000,0x00000000bb59d308,0x00000000bc300000)
}
Event: 0.676 GC heap before
{Heap before GC invocations=9 (full 3):
 PSYoungGen      total 111104K, used 105984K [0x00000000eaa80000, 0x00000000fd100000, 0x0000000100000000)
  eden space 105984K, 100% used [0x00000000eaa80000,0x00000000f1200000,0x00000000f1200000)
  from space 5120K, 0% used [0x00000000f1200000,0x00000000f1200000,0x00000000f1700000)
  to   space 67584K, 0% used [0x00000000f8f00000,0x00000000f8f00000,0x00000000fd100000)
 ParOldGen       total 310784K, used 148721K [0x00000000c0000000, 0x00000000d2f80000, 0x00000000eaa80000)
  object space 310784K, 47% used [0x00000000c0000000,0x00000000c913c480,0x00000000d2f80000)
 PSPermGen       total 21504K, used 7823K [0x00000000bae00000, 0x00000000bc300000, 0x00000000c0000000)
  object space 21504K, 36% used [0x00000000bae00000,0x00000000bb5a3f18,0x00000000bc300000)

