# JRE version: Java(TM) SE Runtime Environment (7.0_51-b13) (build 1.7.0_51-b13)
# Java VM: Java HotSpot(TM) 64-Bit Server VM (24.51-b03 mixed mode windows-amd64 compressed oops)
Heap
 PSYoungGen      total 160256K, used 43597K [0x00000000eaa80000, 0x00000000f6580000, 0x0000000100000000)
  eden space 133120K, 29% used [0x00000000eaa80000,0x00000000ed065468,0x00000000f2c80000)
  from space 27136K, 17% used [0x00000000f4b00000,0x00000000f4fae020,0x00000000f6580000)
  to   space 29184K, 0% used [0x00000000f2c80000,0x00000000f2c80000,0x00000000f4900000)
 ParOldGen       total 86528K, used 33093K [0x00000000c0000000, 0x00000000c5480000, 0x00000000eaa80000)
  object space 86528K, 38% used [0x00000000c0000000,0x00000000c20517c8,0x00000000c5480000)
 PSPermGen       total 21504K, used 7921K [0x00000000bae00000, 0x00000000bc300000, 0x00000000c0000000)
  object space 21504K, 36% used [0x00000000bae00000,0x00000000bb5bc760,0x00000000bc300000)
GC Heap History (10 events):
Event: 9.520 GC heap before
{Heap before GC invocations=2 (full 0):
 PSYoungGen      total 38400K, used 36466K [0x00000000eaa80000, 0x00000000ed500000, 0x0000000100000000)
  eden space 33280K, 94% used [0x00000000eaa80000,0x00000000ec920b58,0x00000000ecb00000)
  from space 5120K, 99% used [0x00000000ecb00000,0x00000000ecffc010,0x00000000ed000000)
  to   space 5120K, 0% used [0x00000000ed000000,0x00000000ed000000,0x00000000ed500000)
 ParOldGen       total 86528K, used 24464K [0x00000000c0000000, 0x00000000c5480000, 0x00000000eaa80000)
  object space 86528K, 28% used [0x00000000c0000000,0x00000000c17e4088,0x00000000c5480000)
 PSPermGen       total 21504K, used 7570K [0x00000000bae00000, 0x00000000bc300000, 0x00000000c0000000)
  object space 21504K, 35% used [0x00000000bae00000,0x00000000bb564850,0x00000000bc300000)
Event: 9.523 GC heap after
Heap after GC invocations=2 (full 0):
 PSYoungGen      total 38400K, used 5112K [0x00000000eaa80000, 0x00000000ef580000, 0x0000000100000000)
  eden space 33280K, 0% used [0x00000000eaa80000,0x00000000eaa80000,0x00000000ecb00000)
  from space 5120K, 99% used [0x00000000ed000000,0x00000000ed4fe020,0x00000000ed500000)
  to   space 5120K, 0% used [0x00000000ecb00000,0x00000000ecb00000,0x00000000ed000000)
 ParOldGen       total 86528K, used 28905K [0x00000000c0000000, 0x00000000c5480000, 0x00000000eaa80000)
  object space 86528K, 33% used [0x00000000c0000000,0x00000000c1c3a680,0x00000000c5480000)
 PSPermGen       total 21504K, used 7570K [0x00000000bae00000, 0x00000000bc300000, 0x00000000c0000000)
  object space 21504K, 35% used [0x00000000bae00000,0x00000000bb564850,0x00000000bc300000)
}
Event: 9.567 GC heap before
{Heap before GC invocations=3 (full 0):
 PSYoungGen      total 38400K, used 38373K [0x00000000eaa80000, 0x00000000ef580000, 0x0000000100000000)
  eden space 33280K, 99% used [0x00000000eaa80000,0x00000000ecafb578,0x00000000ecb00000)
  from space 5120K, 99% used [0x00000000ed000000,0x00000000ed4fe020,0x00000000ed500000)
  to   space 5120K, 0% used [0x00000000ecb00000,0x00000000ecb00000,0x00000000ed000000)
 ParOldGen       total 86528K, used 28905K [0x00000000c0000000, 0x00000000c5480000, 0x00000000eaa80000)
  object space 86528K, 33% used [0x00000000c0000000,0x00000000c1c3a680,0x00000000c5480000)
 PSPermGen       total 21504K, used 7570K [0x00000000bae00000, 0x00000000bc300000, 0x00000000c0000000)
  object space 21504K, 35% used [0x00000000bae00000,0x00000000bb564850,0x00000000bc300000)
Event: 9.568 GC heap after
Heap after GC invocations=3 (full 0):
 PSYoungGen      total 38400K, used 1120K [0x00000000eaa80000, 0x00000000ef580000, 0x0000000100000000)
  eden space 33280K, 0% used [0x00000000eaa80000,0x00000000eaa80000,0x00000000ecb00000)
  from space 5120K, 21% used [0x00000000ecb00000,0x00000000ecc18000,0x00000000ed000000)
  to   space 5120K, 0% used [0x00000000ef080000,0x00000000ef080000,0x00000000ef580000)
 ParOldGen       total 86528K, used 28905K [0x00000000c0000000, 0x00000000c5480000, 0x00000000eaa80000)
  object space 86528K, 33% used [0x00000000c0000000,0x00000000c1c3a680,0x00000000c5480000)
 PSPermGen       total 21504K, used 7570K [0x00000000bae00000, 0x00000000bc300000, 0x00000000c0000000)
  object space 21504K, 35% used [0x00000000bae00000,0x00000000bb564850,0x00000000bc300000)
}
Event: 9.598 GC heap before
{Heap before GC invocations=4 (full 0):
 PSYoungGen      total 38400K, used 34234K [0x00000000eaa80000, 0x00000000ef580000, 0x0000000100000000)
  eden space 33280K, 99% used [0x00000000eaa80000,0x00000000ecad6890,0x00000000ecb00000)
  from space 5120K, 21% used [0x00000000ecb00000,0x00000000ecc18000,0x00000000ed000000)
  to   space 5120K, 0% used [0x00000000ef080000,0x00000000ef080000,0x00000000ef580000)
 ParOldGen       total 86528K, used 28905K [0x00000000c0000000, 0x00000000c5480000, 0x00000000eaa80000)
  object space 86528K, 33% used [0x00000000c0000000,0x00000000c1c3a680,0x00000000c5480000)
 PSPermGen       total 21504K, used 7570K [0x00000000bae00000, 0x00000000bc300000, 0x00000000c0000000)
  object space 21504K, 35% used [0x00000000bae00000,0x00000000bb564850,0x00000000bc300000)
Event: 9.602 GC heap after
Heap after GC invocations=4 (full 0):
 PSYoungGen      total 71680K, used 5096K [0x00000000eaa80000, 0x00000000ef580000, 0x0000000100000000)
  eden space 66560K, 0% used [0x00000000eaa80000,0x00000000eaa80000,0x00000000eeb80000)
  from space 5120K, 99% used [0x00000000ef080000,0x00000000ef57a010,0x00000000ef580000)
  to   space 5120K, 0% used [0x00000000eeb80000,0x00000000eeb80000,0x00000000ef080000)
 ParOldGen       total 86528K, used 33093K [0x00000000c0000000, 0x00000000c5480000, 0x00000000eaa80000)
  object space 86528K, 38% used [0x00000000c0000000,0x00000000c20517c8,0x00000000c5480000)
 PSPermGen       total 21504K, used 7570K [0x00000000bae00000, 0x00000000bc300000, 0x00000000c0000000)
  object space 21504K, 35% used [0x00000000bae00000,0x00000000bb564850,0x00000000bc300000)
}
Event: 9.693 GC heap before
{Heap before GC invocations=5 (full 0):
 PSYoungGen      total 71680K, used 71130K [0x00000000eaa80000, 0x00000000ef580000, 0x0000000100000000)
  eden space 66560K, 99% used [0x00000000eaa80000,0x00000000eeafcbb0,0x00000000eeb80000)
  from space 5120K, 99% used [0x00000000ef080000,0x00000000ef57a010,0x00000000ef580000)
  to   space 5120K, 0% used [0x00000000eeb80000,0x00000000eeb80000,0x00000000ef080000)
 ParOldGen       total 86528K, used 33093K [0x00000000c0000000, 0x00000000c5480000, 0x00000000eaa80000)
  object space 86528K, 38% used [0x00000000c0000000,0x00000000c20517c8,0x00000000c5480000)
 PSPermGen       total 21504K, used 7570K [0x00000000bae00000, 0x00000000bc300000, 0x00000000c0000000)
  object space 21504K, 35% used [0x00000000bae00000,0x00000000bb564850,0x00000000bc300000)
Event: 9.695 GC heap after
Heap after GC invocations=5 (full 0):
 PSYoungGen      total 71680K, used 1024K [0x00000000eaa80000, 0x00000000f6980000, 0x0000000100000000)
  eden space 66560K, 0% used [0x00000000eaa80000,0x00000000eaa80000,0x00000000eeb80000)
  from space 5120K, 20% used [0x00000000eeb80000,0x00000000eec80000,0x00000000ef080000)
  to   space 31232K, 0% used [0x00000000f4b00000,0x00000000f4b00000,0x00000000f6980000)
 ParOldGen       total 86528K, used 33093K [0x00000000c0000000, 0x00000000c5480000, 0x00000000eaa80000)
  object space 86528K, 38% used [0x00000000c0000000,0x00000000c20517c8,0x00000000c5480000)
 PSPermGen       total 21504K, used 7570K [0x00000000bae00000, 0x00000000bc300000, 0x00000000c0000000)
  object space 21504K, 35% used [0x00000000bae00000,0x00000000bb564850,0x00000000bc300000)
}
Event: 9.790 GC heap before
{Heap before GC invocations=6 (full 0):
 PSYoungGen      total 71680K, used 66931K [0x00000000eaa80000, 0x00000000f6980000, 0x0000000100000000)
  eden space 66560K, 99% used [0x00000000eaa80000,0x00000000eeadcef8,0x00000000eeb80000)
  from space 5120K, 20% used [0x00000000eeb80000,0x00000000eec80000,0x00000000ef080000)
  to   space 31232K, 0% used [0x00000000f4b00000,0x00000000f4b00000,0x00000000f6980000)
 ParOldGen       total 86528K, used 33093K [0x00000000c0000000, 0x00000000c5480000, 0x00000000eaa80000)
  object space 86528K, 38% used [0x00000000c0000000,0x00000000c20517c8,0x00000000c5480000)
 PSPermGen       total 21504K, used 7570K [0x00000000bae00000, 0x00000000bc300000, 0x00000000c0000000)
  object space 21504K, 35% used [0x00000000bae00000,0x00000000bb564a98,0x00000000bc300000)
Event: 9.793 GC heap after
Heap after GC invocations=6 (full 0):
 PSYoungGen      total 160256K, used 4792K [0x00000000eaa80000, 0x00000000f6580000, 0x0000000100000000)
  eden space 133120K, 0% used [0x00000000eaa80000,0x00000000eaa80000,0x00000000f2c80000)
  from space 27136K, 17% used [0x00000000f4b00000,0x00000000f4fae020,0x00000000f6580000)
  to   space 29184K, 0% used [0x00000000f2c80000,0x00000000f2c80000,0x00000000f4900000)
 ParOldGen       total 86528K, used 33093K [0x00000000c0000000, 0x00000000c5480000, 0x00000000eaa80000)
  object space 86528K, 38% used [0x00000000c0000000,0x00000000c20517c8,0x00000000c5480000)
 PSPermGen       total 21504K, used 7570K [0x00000000bae00000, 0x00000000bc300000, 0x00000000c0000000)
  object space 21504K, 35% used [0x00000000bae00000,0x00000000bb564a98,0x00000000bc300000)
}

