# JRE version: Java(TM) SE Runtime Environment (7.0_51-b13) (build 1.7.0_51-b13)
# Java VM: Java HotSpot(TM) 64-Bit Server VM (24.51-b03 mixed mode windows-amd64 compressed oops)
Heap
 PSYoungGen      total 161792K, used 46275K [0x00000000eaa80000, 0x00000000f6780000, 0x0000000100000000)
  eden space 133120K, 34% used [0x00000000eaa80000,0x00000000ed700d98,0x00000000f2c80000)
  from space 28672K, 2% used [0x00000000f4b80000,0x00000000f4c30000,0x00000000f6780000)
  to   space 30208K, 0% used [0x00000000f2c80000,0x00000000f2c80000,0x00000000f4a00000)
 ParOldGen       total 86528K, used 33057K [0x00000000c0000000, 0x00000000c5480000, 0x00000000eaa80000)
  object space 86528K, 38% used [0x00000000c0000000,0x00000000c2048720,0x00000000c5480000)
 PSPermGen       total 21504K, used 7921K [0x00000000bae00000, 0x00000000bc300000, 0x00000000c0000000)
  object space 21504K, 36% used [0x00000000bae00000,0x00000000bb5bc770,0x00000000bc300000)
GC Heap History (10 events):
Event: 3.104 GC heap before
{Heap before GC invocations=2 (full 0):
 PSYoungGen      total 38400K, used 35807K [0x00000000eaa80000, 0x00000000ed500000, 0x0000000100000000)
  eden space 33280K, 92% used [0x00000000eaa80000,0x00000000ec87ff60,0x00000000ecb00000)
  from space 5120K, 99% used [0x00000000ecb00000,0x00000000ecff8020,0x00000000ed000000)
  to   space 5120K, 0% used [0x00000000ed000000,0x00000000ed000000,0x00000000ed500000)
 ParOldGen       total 86528K, used 25136K [0x00000000c0000000, 0x00000000c5480000, 0x00000000eaa80000)
  object space 86528K, 29% used [0x00000000c0000000,0x00000000c188c0d0,0x00000000c5480000)
 PSPermGen       total 21504K, used 7567K [0x00000000bae00000, 0x00000000bc300000, 0x00000000c0000000)
  object space 21504K, 35% used [0x00000000bae00000,0x00000000bb563c48,0x00000000bc300000)
Event: 3.108 GC heap after
Heap after GC invocations=2 (full 0):
 PSYoungGen      total 38400K, used 5096K [0x00000000eaa80000, 0x00000000ef580000, 0x0000000100000000)
  eden space 33280K, 0% used [0x00000000eaa80000,0x00000000eaa80000,0x00000000ecb00000)
  from space 5120K, 99% used [0x00000000ed000000,0x00000000ed4fa010,0x00000000ed500000)
  to   space 5120K, 0% used [0x00000000ecb00000,0x00000000ecb00000,0x00000000ed000000)
 ParOldGen       total 86528K, used 28921K [0x00000000c0000000, 0x00000000c5480000, 0x00000000eaa80000)
  object space 86528K, 33% used [0x00000000c0000000,0x00000000c1c3e6b0,0x00000000c5480000)
 PSPermGen       total 21504K, used 7567K [0x00000000bae00000, 0x00000000bc300000, 0x00000000c0000000)
  object space 21504K, 35% used [0x00000000bae00000,0x00000000bb563c48,0x00000000bc300000)
}
Event: 3.152 GC heap before
{Heap before GC invocations=3 (full 0):
 PSYoungGen      total 38400K, used 38357K [0x00000000eaa80000, 0x00000000ef580000, 0x0000000100000000)
  eden space 33280K, 99% used [0x00000000eaa80000,0x00000000ecafb438,0x00000000ecb00000)
  from space 5120K, 99% used [0x00000000ed000000,0x00000000ed4fa010,0x00000000ed500000)
  to   space 5120K, 0% used [0x00000000ecb00000,0x00000000ecb00000,0x00000000ed000000)
 ParOldGen       total 86528K, used 28921K [0x00000000c0000000, 0x00000000c5480000, 0x00000000eaa80000)
  object space 86528K, 33% used [0x00000000c0000000,0x00000000c1c3e6b0,0x00000000c5480000)
 PSPermGen       total 21504K, used 7567K [0x00000000bae00000, 0x00000000bc300000, 0x00000000c0000000)
  object space 21504K, 35% used [0x00000000bae00000,0x00000000bb563c48,0x00000000bc300000)
Event: 3.153 GC heap after
Heap after GC invocations=3 (full 0):
 PSYoungGen      total 38400K, used 1120K [0x00000000eaa80000, 0x00000000ef580000, 0x0000000100000000)
  eden space 33280K, 0% used [0x00000000eaa80000,0x00000000eaa80000,0x00000000ecb00000)
  from space 5120K, 21% used [0x00000000ecb00000,0x00000000ecc18020,0x00000000ed000000)
  to   space 5120K, 0% used [0x00000000ef080000,0x00000000ef080000,0x00000000ef580000)
 ParOldGen       total 86528K, used 28921K [0x00000000c0000000, 0x00000000c5480000, 0x00000000eaa80000)
  object space 86528K, 33% used [0x00000000c0000000,0x00000000c1c3e6b0,0x00000000c5480000)
 PSPermGen       total 21504K, used 7567K [0x00000000bae00000, 0x00000000bc300000, 0x00000000c0000000)
  object space 21504K, 35% used [0x00000000bae00000,0x00000000bb563c48,0x00000000bc300000)
}
Event: 3.184 GC heap before
{Heap before GC invocations=4 (full 0):
 PSYoungGen      total 38400K, used 34233K [0x00000000eaa80000, 0x00000000ef580000, 0x0000000100000000)
  eden space 33280K, 99% used [0x00000000eaa80000,0x00000000ecad67b8,0x00000000ecb00000)
  from space 5120K, 21% used [0x00000000ecb00000,0x00000000ecc18020,0x00000000ed000000)
  to   space 5120K, 0% used [0x00000000ef080000,0x00000000ef080000,0x00000000ef580000)
 ParOldGen       total 86528K, used 28921K [0x00000000c0000000, 0x00000000c5480000, 0x00000000eaa80000)
  object space 86528K, 33% used [0x00000000c0000000,0x00000000c1c3e6b0,0x00000000c5480000)
 PSPermGen       total 21504K, used 7567K [0x00000000bae00000, 0x00000000bc300000, 0x00000000c0000000)
  object space 21504K, 35% used [0x00000000bae00000,0x00000000bb563c48,0x00000000bc300000)
Event: 3.188 GC heap after
Heap after GC invocations=4 (full 0):
 PSYoungGen      total 71680K, used 5112K [0x00000000eaa80000, 0x00000000ef580000, 0x0000000100000000)
  eden space 66560K, 0% used [0x00000000eaa80000,0x00000000eaa80000,0x00000000eeb80000)
  from space 5120K, 99% used [0x00000000ef080000,0x00000000ef57e020,0x00000000ef580000)
  to   space 5120K, 0% used [0x00000000eeb80000,0x00000000eeb80000,0x00000000ef080000)
 ParOldGen       total 86528K, used 33057K [0x00000000c0000000, 0x00000000c5480000, 0x00000000eaa80000)
  object space 86528K, 38% used [0x00000000c0000000,0x00000000c2048720,0x00000000c5480000)
 PSPermGen       total 21504K, used 7567K [0x00000000bae00000, 0x00000000bc300000, 0x00000000c0000000)
  object space 21504K, 35% used [0x00000000bae00000,0x00000000bb563c48,0x00000000bc300000)
}
Event: 3.278 GC heap before
{Heap before GC invocations=5 (full 0):
 PSYoungGen      total 71680K, used 71672K [0x00000000eaa80000, 0x00000000ef580000, 0x0000000100000000)
  eden space 66560K, 100% used [0x00000000eaa80000,0x00000000eeb80000,0x00000000eeb80000)
  from space 5120K, 99% used [0x00000000ef080000,0x00000000ef57e020,0x00000000ef580000)
  to   space 5120K, 0% used [0x00000000eeb80000,0x00000000eeb80000,0x00000000ef080000)
 ParOldGen       total 86528K, used 33057K [0x00000000c0000000, 0x00000000c5480000, 0x00000000eaa80000)
  object space 86528K, 38% used [0x00000000c0000000,0x00000000c2048720,0x00000000c5480000)
 PSPermGen       total 21504K, used 7568K [0x00000000bae00000, 0x00000000bc300000, 0x00000000c0000000)
  object space 21504K, 35% used [0x00000000bae00000,0x00000000bb564380,0x00000000bc300000)
Event: 3.280 GC heap after
Heap after GC invocations=5 (full 0):
 PSYoungGen      total 71680K, used 1056K [0x00000000eaa80000, 0x00000000f6a80000, 0x0000000100000000)
  eden space 66560K, 0% used [0x00000000eaa80000,0x00000000eaa80000,0x00000000eeb80000)
  from space 5120K, 20% used [0x00000000eeb80000,0x00000000eec88000,0x00000000ef080000)
  to   space 31744K, 0% used [0x00000000f4b80000,0x00000000f4b80000,0x00000000f6a80000)
 ParOldGen       total 86528K, used 33057K [0x00000000c0000000, 0x00000000c5480000, 0x00000000eaa80000)
  object space 86528K, 38% used [0x00000000c0000000,0x00000000c2048720,0x00000000c5480000)
 PSPermGen       total 21504K, used 7568K [0x00000000bae00000, 0x00000000bc300000, 0x00000000c0000000)
  object space 21504K, 35% used [0x00000000bae00000,0x00000000bb564380,0x00000000bc300000)
}
Event: 3.374 GC heap before
{Heap before GC invocations=6 (full 0):
 PSYoungGen      total 71680K, used 63538K [0x00000000eaa80000, 0x00000000f6a80000, 0x0000000100000000)
  eden space 66560K, 93% used [0x00000000eaa80000,0x00000000ee7849c8,0x00000000eeb80000)
  from space 5120K, 20% used [0x00000000eeb80000,0x00000000eec88000,0x00000000ef080000)
  to   space 31744K, 0% used [0x00000000f4b80000,0x00000000f4b80000,0x00000000f6a80000)
 ParOldGen       total 86528K, used 33057K [0x00000000c0000000, 0x00000000c5480000, 0x00000000eaa80000)
  object space 86528K, 38% used [0x00000000c0000000,0x00000000c2048720,0x00000000c5480000)
 PSPermGen       total 21504K, used 7570K [0x00000000bae00000, 0x00000000bc300000, 0x00000000c0000000)
  object space 21504K, 35% used [0x00000000bae00000,0x00000000bb564aa8,0x00000000bc300000)
Event: 3.375 GC heap after
Heap after GC invocations=6 (full 0):
 PSYoungGen      total 161792K, used 704K [0x00000000eaa80000, 0x00000000f6780000, 0x0000000100000000)
  eden space 133120K, 0% used [0x00000000eaa80000,0x00000000eaa80000,0x00000000f2c80000)
  from space 28672K, 2% used [0x00000000f4b80000,0x00000000f4c30000,0x00000000f6780000)
  to   space 30208K, 0% used [0x00000000f2c80000,0x00000000f2c80000,0x00000000f4a00000)
 ParOldGen       total 86528K, used 33057K [0x00000000c0000000, 0x00000000c5480000, 0x00000000eaa80000)
  object space 86528K, 38% used [0x00000000c0000000,0x00000000c2048720,0x00000000c5480000)
 PSPermGen       total 21504K, used 7570K [0x00000000bae00000, 0x00000000bc300000, 0x00000000c0000000)
  object space 21504K, 35% used [0x00000000bae00000,0x00000000bb564aa8,0x00000000bc300000)
}

