# JRE version: Java(TM) SE Runtime Environment (7.0_51-b13) (build 1.7.0_51-b13)
# Java VM: Java HotSpot(TM) 64-Bit Server VM (24.51-b03 mixed mode windows-amd64 compressed oops)
Heap
 PSYoungGen      total 109568K, used 104448K [0x00000000eaa80000, 0x00000000fcc00000, 0x0000000100000000)
  eden space 104448K, 100% used [0x00000000eaa80000,0x00000000f1080000,0x00000000f1080000)
  from space 5120K, 0% used [0x00000000f1080000,0x00000000f1080000,0x00000000f1580000)
  to   space 67584K, 22% used [0x00000000f8a00000,0x00000000f9898000,0x00000000fcc00000)
 ParOldGen       total 312832K, used 148721K [0x00000000c0000000, 0x00000000d3180000, 0x00000000eaa80000)
  object space 312832K, 47% used [0x00000000c0000000,0x00000000c913c428,0x00000000d3180000)
 PSPermGen       total 21504K, used 7823K [0x00000000bae00000, 0x00000000bc300000, 0x00000000c0000000)
  object space 21504K, 36% used [0x00000000bae00000,0x00000000bb5a3f18,0x00000000bc300000)
GC Heap History (10 events):
Event: 0.314 GC heap after
Heap after GC invocations=4 (full 1):
 PSYoungGen      total 71680K, used 5120K [0x00000000eaa80000, 0x00000000f1e80000, 0x0000000100000000)
  eden space 66560K, 0% used [0x00000000eaa80000,0x00000000eaa80000,0x00000000eeb80000)
  from space 5120K, 100% used [0x00000000eeb80000,0x00000000ef080000,0x00000000ef080000)
  to   space 5120K, 0% used [0x00000000f1980000,0x00000000f1980000,0x00000000f1e80000)
 ParOldGen       total 139776K, used 112136K [0x00000000c0000000, 0x00000000c8880000, 0x00000000eaa80000)
  object space 139776K, 80% used [0x00000000c0000000,0x00000000c6d82140,0x00000000c8880000)
 PSPermGen       total 21504K, used 7448K [0x00000000bae00000, 0x00000000bc300000, 0x00000000c0000000)
  object space 21504K, 34% used [0x00000000bae00000,0x00000000bb5462f8,0x00000000bc300000)
}
Event: 0.314 GC heap before
{Heap before GC invocations=5 (full 2):
 PSYoungGen      total 71680K, used 5120K [0x00000000eaa80000, 0x00000000f1e80000, 0x0000000100000000)
  eden space 66560K, 0% used [0x00000000eaa80000,0x00000000eaa80000,0x00000000eeb80000)
  from space 5120K, 100% used [0x00000000eeb80000,0x00000000ef080000,0x00000000ef080000)
  to   space 5120K, 0% used [0x00000000f1980000,0x00000000f1980000,0x00000000f1e80000)
 ParOldGen       total 139776K, used 112136K [0x00000000c0000000, 0x00000000c8880000, 0x00000000eaa80000)
  object space 139776K, 80% used [0x00000000c0000000,0x00000000c6d82140,0x00000000c8880000)
 PSPermGen       total 21504K, used 7448K [0x00000000bae00000, 0x00000000bc300000, 0x00000000c0000000)
  object space 21504K, 34% used [0x00000000bae00000,0x00000000bb5462f8,0x00000000bc300000)
Event: 0.335 GC heap after
Heap after GC invocations=5 (full 2):
 PSYoungGen      total 71680K, used 0K [0x00000000eaa80000, 0x00000000f1e80000, 0x0000000100000000)
  eden space 66560K, 0% used [0x00000000eaa80000,0x00000000eaa80000,0x00000000eeb80000)
  from space 5120K, 0% used [0x00000000eeb80000,0x00000000eeb80000,0x00000000ef080000)
  to   space 5120K, 0% used [0x00000000f1980000,0x00000000f1980000,0x00000000f1e80000)
 ParOldGen       total 211456K, used 99549K [0x00000000c0000000, 0x00000000cce80000, 0x00000000eaa80000)
  object space 211456K, 47% used [0x00000000c0000000,0x00000000c61376c8,0x00000000cce80000)
 PSPermGen       total 21504K, used 7448K [0x00000000bae00000, 0x00000000bc300000, 0x00000000c0000000)
  object space 21504K, 34% used [0x00000000bae00000,0x00000000bb5462f8,0x00000000bc300000)
}
Event: 0.424 GC heap before
{Heap before GC invocations=6 (full 2):
 PSYoungGen      total 71680K, used 50507K [0x00000000eaa80000, 0x00000000f1e80000, 0x0000000100000000)
  eden space 66560K, 75% used [0x00000000eaa80000,0x00000000edbd2ea8,0x00000000eeb80000)
  from space 5120K, 0% used [0x00000000eeb80000,0x00000000eeb80000,0x00000000ef080000)
  to   space 5120K, 0% used [0x00000000f1980000,0x00000000f1980000,0x00000000f1e80000)
 ParOldGen       total 211456K, used 99549K [0x00000000c0000000, 0x00000000cce80000, 0x00000000eaa80000)
  object space 211456K, 47% used [0x00000000c0000000,0x00000000c61376c8,0x00000000cce80000)
 PSPermGen       total 21504K, used 7450K [0x00000000bae00000, 0x00000000bc300000, 0x00000000c0000000)
  object space 21504K, 34% used [0x00000000bae00000,0x00000000bb546808,0x00000000bc300000)
Event: 0.425 GC heap after
Heap after GC invocations=6 (full 2):
 PSYoungGen      total 105472K, used 128K [0x00000000eaa80000, 0x00000000f1a80000, 0x0000000100000000)
  eden space 104448K, 0% used [0x00000000eaa80000,0x00000000eaa80000,0x00000000f1080000)
  from space 1024K, 12% used [0x00000000f1980000,0x00000000f19a0000,0x00000000f1a80000)
  to   space 5120K, 0% used [0x00000000f1080000,0x00000000f1080000,0x00000000f1580000)
 ParOldGen       total 211456K, used 99549K [0x00000000c0000000, 0x00000000cce80000, 0x00000000eaa80000)
  object space 211456K, 47% used [0x00000000c0000000,0x00000000c61376c8,0x00000000cce80000)
 PSPermGen       total 21504K, used 7450K [0x00000000bae00000, 0x00000000bc300000, 0x00000000c0000000)
  object space 21504K, 34% used [0x00000000bae00000,0x00000000bb546808,0x00000000bc300000)
}
Event: 0.550 GC heap before
{Heap before GC invocations=7 (full 2):
 PSYoungGen      total 105472K, used 104074K [0x00000000eaa80000, 0x00000000f1a80000, 0x0000000100000000)
  eden space 104448K, 99% used [0x00000000eaa80000,0x00000000f1002b60,0x00000000f1080000)
  from space 1024K, 12% used [0x00000000f1980000,0x00000000f19a0000,0x00000000f1a80000)
  to   space 5120K, 0% used [0x00000000f1080000,0x00000000f1080000,0x00000000f1580000)
 ParOldGen       total 211456K, used 99549K [0x00000000c0000000, 0x00000000cce80000, 0x00000000eaa80000)
  object space 211456K, 47% used [0x00000000c0000000,0x00000000c61376c8,0x00000000cce80000)
 PSPermGen       total 21504K, used 7796K [0x00000000bae00000, 0x00000000bc300000, 0x00000000c0000000)
  object space 21504K, 36% used [0x00000000bae00000,0x00000000bb59d360,0x00000000bc300000)
Event: 0.570 GC heap after
Heap after GC invocations=7 (full 2):
 PSYoungGen      total 109568K, used 320K [0x00000000eaa80000, 0x00000000fcc00000, 0x0000000100000000)
  eden space 104448K, 0% used [0x00000000eaa80000,0x00000000eaa80000,0x00000000f1080000)
  from space 5120K, 6% used [0x00000000f1080000,0x00000000f10d0000,0x00000000f1580000)
  to   space 67584K, 0% used [0x00000000f8a00000,0x00000000f8a00000,0x00000000fcc00000)
 ParOldGen       total 211456K, used 197965K [0x00000000c0000000, 0x00000000cce80000, 0x00000000eaa80000)
  object space 211456K, 93% used [0x00000000c0000000,0x00000000cc153738,0x00000000cce80000)
 PSPermGen       total 21504K, used 7796K [0x00000000bae00000, 0x00000000bc300000, 0x00000000c0000000)
  object space 21504K, 36% used [0x00000000bae00000,0x00000000bb59d360,0x00000000bc300000)
}
Event: 0.570 GC heap before
{Heap before GC invocations=8 (full 3):
 PSYoungGen      total 109568K, used 320K [0x00000000eaa80000, 0x00000000fcc00000, 0x0000000100000000)
  eden space 104448K, 0% used [0x00000000eaa80000,0x00000000eaa80000,0x00000000f1080000)
  from space 5120K, 6% used [0x00000000f1080000,0x00000000f10d0000,0x00000000f1580000)
  to   space 67584K, 0% used [0x00000000f8a00000,0x00000000f8a00000,0x00000000fcc00000)
 ParOldGen       total 211456K, used 197965K [0x00000000c0000000, 0x00000000cce80000, 0x00000000eaa80000)
  object space 211456K, 93% used [0x00000000c0000000,0x00000000cc153738,0x00000000cce80000)
 PSPermGen       total 21504K, used 7796K [0x00000000bae00000, 0x00000000bc300000, 0x00000000c0000000)
  object space 21504K, 36% used [0x00000000bae00000,0x00000000bb59d360,0x00000000bc300000)
Event: 0.600 GC heap after
Heap after GC invocations=8 (full 3):
 PSYoungGen      total 109568K, used 0K [0x00000000eaa80000, 0x00000000fcc00000, 0x0000000100000000)
  eden space 104448K, 0% used [0x00000000eaa80000,0x00000000eaa80000,0x00000000f1080000)
  from space 5120K, 0% used [0x00000000f1080000,0x00000000f1080000,0x00000000f1580000)
  to   space 67584K, 0% used [0x00000000f8a00000,0x00000000f8a00000,0x00000000fcc00000)
 ParOldGen       total 312832K, used 148721K [0x00000000c0000000, 0x00000000d3180000, 0x00000000eaa80000)
  object space 312832K, 47% used [0x00000000c0000000,0x00000000c913c428,0x00000000d3180000)
 PSPermGen       total 21504K, used 7796K [0x00000000bae00000, 0x00000000bc300000, 0x00000000c0000000)
  object space 21504K, 36% used [0x00000000bae00000,0x00000000bb59d308,0x00000000bc300000)
}
Event: 0.669 GC heap before
{Heap before GC invocations=9 (full 3):
 PSYoungGen      total 109568K, used 104448K [0x00000000eaa80000, 0x00000000fcc00000, 0x0000000100000000)
  eden space 104448K, 100% used [0x00000000eaa80000,0x00000000f1080000,0x00000000f1080000)
  from space 5120K, 0% used [0x00000000f1080000,0x00000000f1080000,0x00000000f1580000)
  to   space 67584K, 0% used [0x00000000f8a00000,0x00000000f8a00000,0x00000000fcc00000)
 ParOldGen       total 312832K, used 148721K [0x00000000c0000000, 0x00000000d3180000, 0x00000000eaa80000)
  object space 312832K, 47% used [0x00000000c0000000,0x00000000c913c428,0x00000000d3180000)
 PSPermGen       total 21504K, used 7823K [0x00000000bae00000, 0x00000000bc300000, 0x00000000c0000000)
  object space 21504K, 36% used [0x00000000bae00000,0x00000000bb5a3f18,0x00000000bc300000)

