# JRE version: Java(TM) SE Runtime Environment (7.0_51-b13) (build 1.7.0_51-b13)
# Java VM: Java HotSpot(TM) 64-Bit Server VM (24.51-b03 mixed mode windows-amd64 compressed oops)
Heap
 PSYoungGen      total 316416K, used 285594K [0x00000000eaa80000, 0x0000000100000000, 0x0000000100000000)
  eden space 287232K, 99% used [0x00000000eaa80000,0x00000000fc166a00,0x00000000fc300000)
  from space 29184K, 0% used [0x00000000fc300000,0x00000000fc300000,0x00000000fdf80000)
  to   space 33280K, 49% used [0x00000000fdf80000,0x00000000fefb2050,0x0000000100000000)
 ParOldGen       total 113664K, used 50292K [0x00000000c0000000, 0x00000000c6f00000, 0x00000000eaa80000)
  object space 113664K, 44% used [0x00000000c0000000,0x00000000c311d368,0x00000000c6f00000)
 PSPermGen       total 21504K, used 7827K [0x00000000bae00000, 0x00000000bc300000, 0x00000000c0000000)
  object space 21504K, 36% used [0x00000000bae00000,0x00000000bb5a4dd0,0x00000000bc300000)
GC Heap History (10 events):
Event: 1.868 GC heap after
Heap after GC invocations=12 (full 0):
 PSYoungGen      total 317440K, used 8416K [0x00000000eaa80000, 0x00000000fff00000, 0x0000000100000000)
  eden space 287232K, 0% used [0x00000000eaa80000,0x00000000eaa80000,0x00000000fc300000)
  from space 30208K, 27% used [0x00000000fe180000,0x00000000fe9b8000,0x00000000fff00000)
  to   space 30720K, 0% used [0x00000000fc300000,0x00000000fc300000,0x00000000fe100000)
 ParOldGen       total 86528K, used 61580K [0x00000000c0000000, 0x00000000c5480000, 0x00000000eaa80000)
  object space 86528K, 71% used [0x00000000c0000000,0x00000000c3c230b0,0x00000000c5480000)
 PSPermGen       total 21504K, used 7828K [0x00000000bae00000, 0x00000000bc300000, 0x00000000c0000000)
  object space 21504K, 36% used [0x00000000bae00000,0x00000000bb5a5248,0x00000000bc300000)
}
Event: 2.051 GC heap before
{Heap before GC invocations=13 (full 0):
 PSYoungGen      total 317440K, used 294436K [0x00000000eaa80000, 0x00000000fff00000, 0x0000000100000000)
  eden space 287232K, 99% used [0x00000000eaa80000,0x00000000fc1d1250,0x00000000fc300000)
  from space 30208K, 27% used [0x00000000fe180000,0x00000000fe9b8000,0x00000000fff00000)
  to   space 30720K, 0% used [0x00000000fc300000,0x00000000fc300000,0x00000000fe100000)
 ParOldGen       total 86528K, used 61580K [0x00000000c0000000, 0x00000000c5480000, 0x00000000eaa80000)
  object space 86528K, 71% used [0x00000000c0000000,0x00000000c3c230b0,0x00000000c5480000)
 PSPermGen       total 21504K, used 7828K [0x00000000bae00000, 0x00000000bc300000, 0x00000000c0000000)
  object space 21504K, 36% used [0x00000000bae00000,0x00000000bb5a5248,0x00000000bc300000)
Event: 2.055 GC heap after
Heap after GC invocations=13 (full 0):
 PSYoungGen      total 317952K, used 22352K [0x00000000eaa80000, 0x0000000100000000, 0x0000000100000000)
  eden space 287232K, 0% used [0x00000000eaa80000,0x00000000eaa80000,0x00000000fc300000)
  from space 30720K, 72% used [0x00000000fc300000,0x00000000fd8d4020,0x00000000fe100000)
  to   space 31744K, 0% used [0x00000000fe100000,0x00000000fe100000,0x0000000100000000)
 ParOldGen       total 86528K, used 61580K [0x00000000c0000000, 0x00000000c5480000, 0x00000000eaa80000)
  object space 86528K, 71% used [0x00000000c0000000,0x00000000c3c230b0,0x00000000c5480000)
 PSPermGen       total 21504K, used 7828K [0x00000000bae00000, 0x00000000bc300000, 0x00000000c0000000)
  object space 21504K, 36% used [0x00000000bae00000,0x00000000bb5a5248,0x00000000bc300000)
}
Event: 2.248 GC heap before
{Heap before GC invocations=14 (full 0):
 PSYoungGen      total 317952K, used 309584K [0x00000000eaa80000, 0x0000000100000000, 0x0000000100000000)
  eden space 287232K, 100% used [0x00000000eaa80000,0x00000000fc300000,0x00000000fc300000)
  from space 30720K, 72% used [0x00000000fc300000,0x00000000fd8d4020,0x00000000fe100000)
  to   space 31744K, 0% used [0x00000000fe100000,0x00000000fe100000,0x0000000100000000)
 ParOldGen       total 86528K, used 61580K [0x00000000c0000000, 0x00000000c5480000, 0x00000000eaa80000)
  object space 86528K, 71% used [0x00000000c0000000,0x00000000c3c230b0,0x00000000c5480000)
 PSPermGen       total 21504K, used 7828K [0x00000000bae00000, 0x00000000bc300000, 0x00000000c0000000)
  object space 21504K, 36% used [0x00000000bae00000,0x00000000bb5a5248,0x00000000bc300000)
Event: 2.252 GC heap after
Heap after GC invocations=14 (full 0):
 PSYoungGen      total 317952K, used 13120K [0x00000000eaa80000, 0x00000000fff00000, 0x0000000100000000)
  eden space 287232K, 0% used [0x00000000eaa80000,0x00000000eaa80000,0x00000000fc300000)
  from space 30720K, 42% used [0x00000000fe100000,0x00000000fedd0000,0x00000000fff00000)
  to   space 30720K, 0% used [0x00000000fc300000,0x00000000fc300000,0x00000000fe100000)
 ParOldGen       total 86528K, used 61580K [0x00000000c0000000, 0x00000000c5480000, 0x00000000eaa80000)
  object space 86528K, 71% used [0x00000000c0000000,0x00000000c3c230b0,0x00000000c5480000)
 PSPermGen       total 21504K, used 7828K [0x00000000bae00000, 0x00000000bc300000, 0x00000000c0000000)
  object space 21504K, 36% used [0x00000000bae00000,0x00000000bb5a5248,0x00000000bc300000)
}
Event: 2.508 GC heap before
{Heap before GC invocations=15 (full 0):
 PSYoungGen      total 317952K, used 299196K [0x00000000eaa80000, 0x00000000fff00000, 0x0000000100000000)
  eden space 287232K, 99% used [0x00000000eaa80000,0x00000000fc1df300,0x00000000fc300000)
  from space 30720K, 42% used [0x00000000fe100000,0x00000000fedd0000,0x00000000fff00000)
  to   space 30720K, 0% used [0x00000000fc300000,0x00000000fc300000,0x00000000fe100000)
 ParOldGen       total 86528K, used 61580K [0x00000000c0000000, 0x00000000c5480000, 0x00000000eaa80000)
  object space 86528K, 71% used [0x00000000c0000000,0x00000000c3c230b0,0x00000000c5480000)
 PSPermGen       total 21504K, used 7829K [0x00000000bae00000, 0x00000000bc300000, 0x00000000c0000000)
  object space 21504K, 36% used [0x00000000bae00000,0x00000000bb5a5518,0x00000000bc300000)
Event: 2.519 GC heap after
Heap after GC invocations=15 (full 0):
 PSYoungGen      total 316416K, used 28920K [0x00000000eaa80000, 0x0000000100000000, 0x0000000100000000)
  eden space 287232K, 0% used [0x00000000eaa80000,0x00000000eaa80000,0x00000000fc300000)
  from space 29184K, 99% used [0x00000000fc300000,0x00000000fdf3e070,0x00000000fdf80000)
  to   space 33280K, 0% used [0x00000000fdf80000,0x00000000fdf80000,0x0000000100000000)
 ParOldGen       total 86528K, used 73900K [0x00000000c0000000, 0x00000000c5480000, 0x00000000eaa80000)
  object space 86528K, 85% used [0x00000000c0000000,0x00000000c482b0f0,0x00000000c5480000)
 PSPermGen       total 21504K, used 7829K [0x00000000bae00000, 0x00000000bc300000, 0x00000000c0000000)
  object space 21504K, 36% used [0x00000000bae00000,0x00000000bb5a5518,0x00000000bc300000)
}
Event: 2.519 GC heap before
{Heap before GC invocations=16 (full 1):
 PSYoungGen      total 316416K, used 28920K [0x00000000eaa80000, 0x0000000100000000, 0x0000000100000000)
  eden space 287232K, 0% used [0x00000000eaa80000,0x00000000eaa80000,0x00000000fc300000)
  from space 29184K, 99% used [0x00000000fc300000,0x00000000fdf3e070,0x00000000fdf80000)
  to   space 33280K, 0% used [0x00000000fdf80000,0x00000000fdf80000,0x0000000100000000)
 ParOldGen       total 86528K, used 73900K [0x00000000c0000000, 0x00000000c5480000, 0x00000000eaa80000)
  object space 86528K, 85% used [0x00000000c0000000,0x00000000c482b0f0,0x00000000c5480000)
 PSPermGen       total 21504K, used 7829K [0x00000000bae00000, 0x00000000bc300000, 0x00000000c0000000)
  object space 21504K, 36% used [0x00000000bae00000,0x00000000bb5a5518,0x00000000bc300000)
Event: 2.548 GC heap after
Heap after GC invocations=16 (full 1):
 PSYoungGen      total 316416K, used 0K [0x00000000eaa80000, 0x0000000100000000, 0x0000000100000000)
  eden space 287232K, 0% used [0x00000000eaa80000,0x00000000eaa80000,0x00000000fc300000)
  from space 29184K, 0% used [0x00000000fc300000,0x00000000fc300000,0x00000000fdf80000)
  to   space 33280K, 0% used [0x00000000fdf80000,0x00000000fdf80000,0x0000000100000000)
 ParOldGen       total 113664K, used 50292K [0x00000000c0000000, 0x00000000c6f00000, 0x00000000eaa80000)
  object space 113664K, 44% used [0x00000000c0000000,0x00000000c311d368,0x00000000c6f00000)
 PSPermGen       total 21504K, used 7827K [0x00000000bae00000, 0x00000000bc300000, 0x00000000c0000000)
  object space 21504K, 36% used [0x00000000bae00000,0x00000000bb5a4dd0,0x00000000bc300000)
}
Event: 2.943 GC heap before
{Heap before GC invocations=17 (full 1):
 PSYoungGen      total 316416K, used 285594K [0x00000000eaa80000, 0x0000000100000000, 0x0000000100000000)
  eden space 287232K, 99% used [0x00000000eaa80000,0x00000000fc166a00,0x00000000fc300000)
  from space 29184K, 0% used [0x00000000fc300000,0x00000000fc300000,0x00000000fdf80000)
  to   space 33280K, 0% used [0x00000000fdf80000,0x00000000fdf80000,0x0000000100000000)
 ParOldGen       total 113664K, used 50292K [0x00000000c0000000, 0x00000000c6f00000, 0x00000000eaa80000)
  object space 113664K, 44% used [0x00000000c0000000,0x00000000c311d368,0x00000000c6f00000)
 PSPermGen       total 21504K, used 7827K [0x00000000bae00000, 0x00000000bc300000, 0x00000000c0000000)
  object space 21504K, 36% used [0x00000000bae00000,0x00000000bb5a4dd0,0x00000000bc300000)

