# JRE version: Java(TM) SE Runtime Environment (7.0_51-b13) (build 1.7.0_51-b13)
# Java VM: Java HotSpot(TM) 64-Bit Server VM (24.51-b03 mixed mode windows-amd64 compressed oops)
Heap
 PSYoungGen      total 71680K, used 19694K [0x00000007d5c00000, 0x00000007de800000, 0x0000000800000000)
  eden space 66560K, 21% used [0x00000007d5c00000,0x00000007d6a3fa00,0x00000007d9d00000)
  from space 5120K, 99% used [0x00000007d9d00000,0x00000007da1fc010,0x00000007da200000)
  to   space 5120K, 0% used [0x00000007de300000,0x00000007de300000,0x00000007de800000)
 ParOldGen       total 86528K, used 31314K [0x0000000781400000, 0x0000000786880000, 0x00000007d5c00000)
  object space 86528K, 36% used [0x0000000781400000,0x0000000783294a88,0x0000000786880000)
 PSPermGen       total 26624K, used 26525K [0x000000077c200000, 0x000000077dc00000, 0x0000000781400000)
  object space 26624K, 99% used [0x000000077c200000,0x000000077dbe77d0,0x000000077dc00000)
GC Heap History (6 events):
Event: 0.729 GC heap before
{Heap before GC invocations=1 (full 0):
 PSYoungGen      total 38400K, used 33280K [0x00000007d5c00000, 0x00000007d8680000, 0x0000000800000000)
  eden space 33280K, 100% used [0x00000007d5c00000,0x00000007d7c80000,0x00000007d7c80000)
  from space 5120K, 0% used [0x00000007d8180000,0x00000007d8180000,0x00000007d8680000)
  to   space 5120K, 0% used [0x00000007d7c80000,0x00000007d7c80000,0x00000007d8180000)
 ParOldGen       total 86528K, used 0K [0x0000000781400000, 0x0000000786880000, 0x00000007d5c00000)
  object space 86528K, 0% used [0x0000000781400000,0x0000000781400000,0x0000000786880000)
 PSPermGen       total 21504K, used 11982K [0x000000077c200000, 0x000000077d700000, 0x0000000781400000)
  object space 21504K, 55% used [0x000000077c200000,0x000000077cdb3b28,0x000000077d700000)
Event: 0.737 GC heap after
Heap after GC invocations=1 (full 0):
 PSYoungGen      total 38400K, used 5118K [0x00000007d5c00000, 0x00000007da700000, 0x0000000800000000)
  eden space 33280K, 0% used [0x00000007d5c00000,0x00000007d5c00000,0x00000007d7c80000)
  from space 5120K, 99% used [0x00000007d7c80000,0x00000007d817fb38,0x00000007d8180000)
  to   space 5120K, 0% used [0x00000007da200000,0x00000007da200000,0x00000007da700000)
 ParOldGen       total 86528K, used 4673K [0x0000000781400000, 0x0000000786880000, 0x00000007d5c00000)
  object space 86528K, 5% used [0x0000000781400000,0x0000000781890710,0x0000000786880000)
 PSPermGen       total 21504K, used 11982K [0x000000077c200000, 0x000000077d700000, 0x0000000781400000)
  object space 21504K, 55% used [0x000000077c200000,0x000000077cdb3b28,0x000000077d700000)
}
Event: 0.857 GC heap before
{Heap before GC invocations=2 (full 0):
 PSYoungGen      total 38400K, used 38398K [0x00000007d5c00000, 0x00000007da700000, 0x0000000800000000)
  eden space 33280K, 100% used [0x00000007d5c00000,0x00000007d7c80000,0x00000007d7c80000)
  from space 5120K, 99% used [0x00000007d7c80000,0x00000007d817fb38,0x00000007d8180000)
  to   space 5120K, 0% used [0x00000007da200000,0x00000007da200000,0x00000007da700000)
 ParOldGen       total 86528K, used 4673K [0x0000000781400000, 0x0000000786880000, 0x00000007d5c00000)
  object space 86528K, 5% used [0x0000000781400000,0x0000000781890710,0x0000000786880000)
 PSPermGen       total 21504K, used 12004K [0x000000077c200000, 0x000000077d700000, 0x0000000781400000)
  object space 21504K, 55% used [0x000000077c200000,0x000000077cdb93e8,0x000000077d700000)
Event: 0.880 GC heap after
Heap after GC invocations=2 (full 0):
 PSYoungGen      total 71680K, used 5116K [0x00000007d5c00000, 0x00000007da700000, 0x0000000800000000)
  eden space 66560K, 0% used [0x00000007d5c00000,0x00000007d5c00000,0x00000007d9d00000)
  from space 5120K, 99% used [0x00000007da200000,0x00000007da6ff0a0,0x00000007da700000)
  to   space 5120K, 0% used [0x00000007d9d00000,0x00000007d9d00000,0x00000007da200000)
 ParOldGen       total 86528K, used 16545K [0x0000000781400000, 0x0000000786880000, 0x00000007d5c00000)
  object space 86528K, 19% used [0x0000000781400000,0x0000000782428710,0x0000000786880000)
 PSPermGen       total 21504K, used 12004K [0x000000077c200000, 0x000000077d700000, 0x0000000781400000)
  object space 21504K, 55% used [0x000000077c200000,0x000000077cdb93e8,0x000000077d700000)
}
Event: 1.751 GC heap before
{Heap before GC invocations=3 (full 0):
 PSYoungGen      total 71680K, used 71676K [0x00000007d5c00000, 0x00000007da700000, 0x0000000800000000)
  eden space 66560K, 100% used [0x00000007d5c00000,0x00000007d9d00000,0x00000007d9d00000)
  from space 5120K, 99% used [0x00000007da200000,0x00000007da6ff0a0,0x00000007da700000)
  to   space 5120K, 0% used [0x00000007d9d00000,0x00000007d9d00000,0x00000007da200000)
 ParOldGen       total 86528K, used 16545K [0x0000000781400000, 0x0000000786880000, 0x00000007d5c00000)
  object space 86528K, 19% used [0x0000000781400000,0x0000000782428710,0x0000000786880000)
 PSPermGen       total 26112K, used 25933K [0x000000077c200000, 0x000000077db80000, 0x0000000781400000)
  object space 26112K, 99% used [0x000000077c200000,0x000000077db53588,0x000000077db80000)
Event: 1.768 GC heap after
Heap after GC invocations=3 (full 0):
 PSYoungGen      total 71680K, used 5104K [0x00000007d5c00000, 0x00000007de800000, 0x0000000800000000)
  eden space 66560K, 0% used [0x00000007d5c00000,0x00000007d5c00000,0x00000007d9d00000)
  from space 5120K, 99% used [0x00000007d9d00000,0x00000007da1fc010,0x00000007da200000)
  to   space 5120K, 0% used [0x00000007de300000,0x00000007de300000,0x00000007de800000)
 ParOldGen       total 86528K, used 31314K [0x0000000781400000, 0x0000000786880000, 0x00000007d5c00000)
  object space 86528K, 36% used [0x0000000781400000,0x0000000783294a88,0x0000000786880000)
 PSPermGen       total 26112K, used 25933K [0x000000077c200000, 0x000000077db80000, 0x0000000781400000)
  object space 26112K, 99% used [0x000000077c200000,0x000000077db53588,0x000000077db80000)
}

